{"C:\\Users\\anita\\OneDrive\\Documentos\\JalaSoft\\Proyecto\\one_time_secret\\src\\application\\SecretService.ts": {"path":"C:\\Users\\anita\\OneDrive\\Documentos\\JalaSoft\\Proyecto\\one_time_secret\\src\\application\\SecretService.ts","statementMap":{"0":{"start":{"line":1,"column":0},"end":{"line":1,"column":53}},"1":{"start":{"line":5,"column":31},"end":{"line":5,"column":65}},"2":{"start":{"line":8,"column":19},"end":{"line":8,"column":38}},"3":{"start":{"line":9,"column":16},"end":{"line":9,"column":63}},"4":{"start":{"line":10,"column":4},"end":{"line":10,"column":15}},"5":{"start":{"line":14,"column":19},"end":{"line":14,"column":66}},"6":{"start":{"line":15,"column":4},"end":{"line":15,"column":18}},"7":{"start":{"line":4,"column":0},"end":{"line":4,"column":13}}},"fnMap":{"0":{"name":"(anonymous_7)","decl":{"start":{"line":5,"column":2},"end":{"line":5,"column":31}},"loc":{"start":{"line":5,"column":65},"end":{"line":5,"column":69}}},"1":{"name":"(anonymous_8)","decl":{"start":{"line":7,"column":8},"end":{"line":7,"column":20}},"loc":{"start":{"line":7,"column":36},"end":{"line":11,"column":null}}},"2":{"name":"(anonymous_10)","decl":{"start":{"line":13,"column":8},"end":{"line":13,"column":17}},"loc":{"start":{"line":13,"column":29},"end":{"line":16,"column":null}}}},"branchMap":{},"s":{"0":1,"1":1,"2":1,"3":1,"4":1,"5":0,"6":0,"7":1},"f":{"0":1,"1":1,"2":0},"b":{}}
,"C:\\Users\\anita\\OneDrive\\Documentos\\JalaSoft\\Proyecto\\one_time_secret\\src\\domain\\model\\SecretModel.ts": {"path":"C:\\Users\\anita\\OneDrive\\Documentos\\JalaSoft\\Proyecto\\one_time_secret\\src\\domain\\model\\SecretModel.ts","statementMap":{"0":{"start":{"line":2,"column":30},"end":{"line":2,"column":45}},"1":{"start":{"line":1,"column":0},"end":{"line":1,"column":13}}},"fnMap":{"0":{"name":"(anonymous_0)","decl":{"start":{"line":2,"column":2},"end":{"line":2,"column":30}},"loc":{"start":{"line":2,"column":45},"end":{"line":2,"column":49}}}},"branchMap":{},"s":{"0":1,"1":1},"f":{"0":1},"b":{}}
,"C:\\Users\\anita\\OneDrive\\Documentos\\JalaSoft\\Proyecto\\one_time_secret\\src\\infrastructure\\InMemorySecretRepository.ts": {"path":"C:\\Users\\anita\\OneDrive\\Documentos\\JalaSoft\\Proyecto\\one_time_secret\\src\\infrastructure\\InMemorySecretRepository.ts","statementMap":{"0":{"start":{"line":3,"column":0},"end":{"line":3,"column":33}},"1":{"start":{"line":4,"column":0},"end":{"line":4,"column":42}},"2":{"start":{"line":5,"column":47},"end":{"line":5,"column":49}},"3":{"start":{"line":9,"column":18},"end":{"line":9,"column":48}},"4":{"start":{"line":10,"column":30},"end":{"line":10,"column":73}},"5":{"start":{"line":11,"column":4},"end":{"line":11,"column":21}},"6":{"start":{"line":15,"column":22},"end":{"line":15,"column":67}},"7":{"start":{"line":16,"column":4},"end":{"line":16,"column":52}},"8":{"start":{"line":17,"column":4},"end":{"line":17,"column":21}},"9":{"start":{"line":21,"column":23},"end":{"line":21,"column":39}},"10":{"start":{"line":22,"column":4},"end":{"line":22,"column":38}},"11":{"start":{"line":22,"column":21},"end":{"line":22,"column":38}},"12":{"start":{"line":23,"column":4},"end":{"line":23,"column":44}},"13":{"start":{"line":7,"column":0},"end":{"line":7,"column":13}}},"fnMap":{"0":{"name":"(anonymous_13)","decl":{"start":{"line":8,"column":8},"end":{"line":8,"column":25}},"loc":{"start":{"line":8,"column":36},"end":{"line":12,"column":null}}},"1":{"name":"(anonymous_15)","decl":{"start":{"line":14,"column":8},"end":{"line":14,"column":19}},"loc":{"start":{"line":14,"column":34},"end":{"line":18,"column":null}}},"2":{"name":"(anonymous_17)","decl":{"start":{"line":20,"column":8},"end":{"line":20,"column":22}},"loc":{"start":{"line":20,"column":34},"end":{"line":24,"column":null}}}},"branchMap":{"0":{"loc":{"start":{"line":22,"column":4},"end":{"line":22,"column":38}},"type":"if","locations":[{"start":{"line":22,"column":4},"end":{"line":22,"column":38}}]}},"s":{"0":2,"1":2,"2":2,"3":2,"4":2,"5":2,"6":1,"7":1,"8":1,"9":0,"10":0,"11":0,"12":0,"13":2},"f":{"0":2,"1":1,"2":0},"b":{"0":[0]}}
,"C:\\Users\\anita\\OneDrive\\Documentos\\JalaSoft\\Proyecto\\one_time_secret\\src\\presentation\\SecretController.ts": {"path":"C:\\Users\\anita\\OneDrive\\Documentos\\JalaSoft\\Proyecto\\one_time_secret\\src\\presentation\\SecretController.ts","statementMap":{"0":{"start":{"line":2,"column":0},"end":{"line":2,"column":61}},"1":{"start":{"line":3,"column":0},"end":{"line":3,"column":86}},"2":{"start":{"line":8,"column":21},"end":{"line":8,"column":52}},"3":{"start":{"line":14,"column":24},"end":{"line":14,"column":32}},"4":{"start":{"line":15,"column":4},"end":{"line":20,"column":5}},"5":{"start":{"line":16,"column":18},"end":{"line":16,"column":64}},"6":{"start":{"line":17,"column":6},"end":{"line":17,"column":47}},"7":{"start":{"line":19,"column":6},"end":{"line":19,"column":45}},"8":{"start":{"line":24,"column":26},"end":{"line":24,"column":36}},"9":{"start":{"line":25,"column":4},"end":{"line":31,"column":5}},"10":{"start":{"line":26,"column":21},"end":{"line":26,"column":66}},"11":{"start":{"line":27,"column":6},"end":{"line":27,"column":46}},"12":{"start":{"line":27,"column":19},"end":{"line":27,"column":46}},"13":{"start":{"line":28,"column":6},"end":{"line":28,"column":62}},"14":{"start":{"line":30,"column":6},"end":{"line":30,"column":45}},"15":{"start":{"line":5,"column":0},"end":{"line":5,"column":13}}},"fnMap":{"0":{"name":"(anonymous_7)","decl":{"start":{"line":6,"column":2},"end":{"line":6,"column":null}},"loc":{"start":{"line":10,"column":5},"end":{"line":11,"column":6}}},"1":{"name":"(anonymous_8)","decl":{"start":{"line":13,"column":8},"end":{"line":13,"column":20}},"loc":{"start":{"line":13,"column":64},"end":{"line":21,"column":null}}},"2":{"name":"(anonymous_10)","decl":{"start":{"line":23,"column":8},"end":{"line":23,"column":17}},"loc":{"start":{"line":23,"column":61},"end":{"line":32,"column":null}}}},"branchMap":{"0":{"loc":{"start":{"line":8,"column":21},"end":{"line":9,"column":null}},"type":"default-arg","locations":[{"start":{"line":8,"column":52},"end":{"line":9,"column":null}}]},"1":{"loc":{"start":{"line":27,"column":6},"end":{"line":27,"column":46}},"type":"if","locations":[{"start":{"line":27,"column":6},"end":{"line":27,"column":46}}]}},"s":{"0":1,"1":1,"2":1,"3":1,"4":1,"5":1,"6":1,"7":0,"8":0,"9":0,"10":0,"11":0,"12":0,"13":0,"14":0,"15":1},"f":{"0":1,"1":1,"2":0},"b":{"0":[1],"1":[0]}}
,"C:\\Users\\anita\\OneDrive\\Documentos\\JalaSoft\\Proyecto\\one_time_secret\\src\\presentation\\SecretRoutes.ts": {"path":"C:\\Users\\anita\\OneDrive\\Documentos\\JalaSoft\\Proyecto\\one_time_secret\\src\\presentation\\SecretRoutes.ts","statementMap":{"0":{"start":{"line":1,"column":0},"end":{"line":1,"column":30}},"1":{"start":{"line":2,"column":0},"end":{"line":2,"column":54}},"2":{"start":{"line":3,"column":12},"end":{"line":3,"column":21}},"3":{"start":{"line":5,"column":0},"end":{"line":5,"column":24}},"4":{"start":{"line":7,"column":25},"end":{"line":7,"column":47}},"5":{"start":{"line":9,"column":0},"end":{"line":9,"column":79}},"6":{"start":{"line":10,"column":0},"end":{"line":13,"column":2}},"7":{"start":{"line":15,"column":0},"end":{"line":15,"column":19}}},"fnMap":{},"branchMap":{},"s":{"0":1,"1":1,"2":1,"3":1,"4":1,"5":1,"6":1,"7":1},"f":{},"b":{}}
}
