{"C:\\Users\\anita\\OneDrive\\Documentos\\JalaSoft\\Proyecto\\one_time_secret\\dist\\app.js": {"path":"C:\\Users\\anita\\OneDrive\\Documentos\\JalaSoft\\Proyecto\\one_time_secret\\dist\\app.js","statementMap":{"0":{"start":{"line":2,"column":0},"end":{"line":2,"column":62}},"1":{"start":{"line":3,"column":14},"end":{"line":3,"column":32}},"2":{"start":{"line":4,"column":25},"end":{"line":4,"column":71}},"3":{"start":{"line":5,"column":11},"end":{"line":5,"column":35}},"4":{"start":{"line":6,"column":10},"end":{"line":6,"column":19}},"5":{"start":{"line":7,"column":0},"end":{"line":7,"column":24}},"6":{"start":{"line":8,"column":23},"end":{"line":8,"column":64}},"7":{"start":{"line":9,"column":0},"end":{"line":9,"column":79}},"8":{"start":{"line":10,"column":0},"end":{"line":10,"column":85}},"9":{"start":{"line":11,"column":0},"end":{"line":13,"column":3}},"10":{"start":{"line":12,"column":4},"end":{"line":12,"column":71}},"11":{"start":{"line":14,"column":0},"end":{"line":14,"column":22}}},"fnMap":{"0":{"name":"(anonymous_0)","decl":{"start":{"line":11,"column":28},"end":{"line":11,"column":29}},"loc":{"start":{"line":11,"column":40},"end":{"line":13,"column":1}},"line":11}},"branchMap":{},"s":{"0":1,"1":1,"2":1,"3":1,"4":1,"5":1,"6":1,"7":1,"8":1,"9":1,"10":1,"11":1},"f":{"0":1},"b":{},"inputSourceMap":null,"_coverageSchema":"1a1c01bbd47fc00a2c39e90264f33305004495a9","hash":"6ef90fabe21bca171ac0058c5de18dfed7df2bba"}
,"C:\\Users\\anita\\OneDrive\\Documentos\\JalaSoft\\Proyecto\\one_time_secret\\dist\\src\\application\\SecretService.js": {"path":"C:\\Users\\anita\\OneDrive\\Documentos\\JalaSoft\\Proyecto\\one_time_secret\\dist\\src\\application\\SecretService.js","statementMap":{"0":{"start":{"line":2,"column":16},"end":{"line":10,"column":1}},"1":{"start":{"line":3,"column":28},"end":{"line":3,"column":110}},"2":{"start":{"line":3,"column":91},"end":{"line":3,"column":106}},"3":{"start":{"line":4,"column":4},"end":{"line":9,"column":7}},"4":{"start":{"line":5,"column":36},"end":{"line":5,"column":97}},"5":{"start":{"line":5,"column":42},"end":{"line":5,"column":70}},"6":{"start":{"line":5,"column":85},"end":{"line":5,"column":95}},"7":{"start":{"line":6,"column":35},"end":{"line":6,"column":100}},"8":{"start":{"line":6,"column":41},"end":{"line":6,"column":73}},"9":{"start":{"line":6,"column":88},"end":{"line":6,"column":98}},"10":{"start":{"line":7,"column":32},"end":{"line":7,"column":116}},"11":{"start":{"line":8,"column":8},"end":{"line":8,"column":78}},"12":{"start":{"line":11,"column":18},"end":{"line":37,"column":1}},"13":{"start":{"line":12,"column":12},"end":{"line":12,"column":104}},"14":{"start":{"line":12,"column":43},"end":{"line":12,"column":68}},"15":{"start":{"line":12,"column":57},"end":{"line":12,"column":68}},"16":{"start":{"line":12,"column":69},"end":{"line":12,"column":81}},"17":{"start":{"line":13,"column":4},"end":{"line":13,"column":157}},"18":{"start":{"line":13,"column":138},"end":{"line":13,"column":150}},"19":{"start":{"line":14,"column":23},"end":{"line":14,"column":68}},"20":{"start":{"line":14,"column":45},"end":{"line":14,"column":65}},"21":{"start":{"line":16,"column":8},"end":{"line":16,"column":70}},"22":{"start":{"line":16,"column":15},"end":{"line":16,"column":70}},"23":{"start":{"line":17,"column":8},"end":{"line":34,"column":66}},"24":{"start":{"line":17,"column":50},"end":{"line":34,"column":66}},"25":{"start":{"line":18,"column":12},"end":{"line":18,"column":169}},"26":{"start":{"line":18,"column":160},"end":{"line":18,"column":169}},"27":{"start":{"line":19,"column":12},"end":{"line":19,"column":52}},"28":{"start":{"line":19,"column":26},"end":{"line":19,"column":52}},"29":{"start":{"line":20,"column":12},"end":{"line":32,"column":13}},"30":{"start":{"line":21,"column":32},"end":{"line":21,"column":39}},"31":{"start":{"line":21,"column":40},"end":{"line":21,"column":46}},"32":{"start":{"line":22,"column":24},"end":{"line":22,"column":34}},"33":{"start":{"line":22,"column":35},"end":{"line":22,"column":72}},"34":{"start":{"line":23,"column":24},"end":{"line":23,"column":34}},"35":{"start":{"line":23,"column":35},"end":{"line":23,"column":45}},"36":{"start":{"line":23,"column":46},"end":{"line":23,"column":55}},"37":{"start":{"line":23,"column":56},"end":{"line":23,"column":65}},"38":{"start":{"line":24,"column":24},"end":{"line":24,"column":41}},"39":{"start":{"line":24,"column":42},"end":{"line":24,"column":55}},"40":{"start":{"line":24,"column":56},"end":{"line":24,"column":65}},"41":{"start":{"line":26,"column":20},"end":{"line":26,"column":128}},"42":{"start":{"line":26,"column":110},"end":{"line":26,"column":116}},"43":{"start":{"line":26,"column":117},"end":{"line":26,"column":126}},"44":{"start":{"line":27,"column":20},"end":{"line":27,"column":106}},"45":{"start":{"line":27,"column":81},"end":{"line":27,"column":97}},"46":{"start":{"line":27,"column":98},"end":{"line":27,"column":104}},"47":{"start":{"line":28,"column":20},"end":{"line":28,"column":89}},"48":{"start":{"line":28,"column":57},"end":{"line":28,"column":72}},"49":{"start":{"line":28,"column":73},"end":{"line":28,"column":80}},"50":{"start":{"line":28,"column":81},"end":{"line":28,"column":87}},"51":{"start":{"line":29,"column":20},"end":{"line":29,"column":87}},"52":{"start":{"line":29,"column":47},"end":{"line":29,"column":62}},"53":{"start":{"line":29,"column":63},"end":{"line":29,"column":78}},"54":{"start":{"line":29,"column":79},"end":{"line":29,"column":85}},"55":{"start":{"line":30,"column":20},"end":{"line":30,"column":42}},"56":{"start":{"line":30,"column":30},"end":{"line":30,"column":42}},"57":{"start":{"line":31,"column":20},"end":{"line":31,"column":33}},"58":{"start":{"line":31,"column":34},"end":{"line":31,"column":43}},"59":{"start":{"line":33,"column":12},"end":{"line":33,"column":39}},"60":{"start":{"line":34,"column":22},"end":{"line":34,"column":34}},"61":{"start":{"line":34,"column":35},"end":{"line":34,"column":41}},"62":{"start":{"line":34,"column":54},"end":{"line":34,"column":64}},"63":{"start":{"line":35,"column":8},"end":{"line":35,"column":35}},"64":{"start":{"line":35,"column":23},"end":{"line":35,"column":35}},"65":{"start":{"line":35,"column":36},"end":{"line":35,"column":89}},"66":{"start":{"line":38,"column":0},"end":{"line":38,"column":62}},"67":{"start":{"line":39,"column":0},"end":{"line":39,"column":31}},"68":{"start":{"line":40,"column":20},"end":{"line":40,"column":58}},"69":{"start":{"line":41,"column":35},"end":{"line":74,"column":3}},"70":{"start":{"line":43,"column":8},"end":{"line":43,"column":49}},"71":{"start":{"line":45,"column":4},"end":{"line":59,"column":6}},"72":{"start":{"line":46,"column":8},"end":{"line":58,"column":11}},"73":{"start":{"line":48,"column":12},"end":{"line":57,"column":15}},"74":{"start":{"line":49,"column":16},"end":{"line":56,"column":17}},"75":{"start":{"line":51,"column":24},"end":{"line":51,"column":67}},"76":{"start":{"line":52,"column":24},"end":{"line":52,"column":88}},"77":{"start":{"line":54,"column":24},"end":{"line":54,"column":40}},"78":{"start":{"line":55,"column":24},"end":{"line":55,"column":51}},"79":{"start":{"line":60,"column":4},"end":{"line":72,"column":6}},"80":{"start":{"line":61,"column":8},"end":{"line":71,"column":11}},"81":{"start":{"line":63,"column":12},"end":{"line":70,"column":15}},"82":{"start":{"line":64,"column":16},"end":{"line":69,"column":17}},"83":{"start":{"line":65,"column":28},"end":{"line":65,"column":92}},"84":{"start":{"line":67,"column":24},"end":{"line":67,"column":43}},"85":{"start":{"line":68,"column":24},"end":{"line":68,"column":54}},"86":{"start":{"line":73,"column":4},"end":{"line":73,"column":25}},"87":{"start":{"line":75,"column":0},"end":{"line":75,"column":38}}},"fnMap":{"0":{"name":"(anonymous_0)","decl":{"start":{"line":2,"column":44},"end":{"line":2,"column":45}},"loc":{"start":{"line":2,"column":89},"end":{"line":10,"column":1}},"line":2},"1":{"name":"adopt","decl":{"start":{"line":3,"column":13},"end":{"line":3,"column":18}},"loc":{"start":{"line":3,"column":26},"end":{"line":3,"column":112}},"line":3},"2":{"name":"(anonymous_2)","decl":{"start":{"line":3,"column":70},"end":{"line":3,"column":71}},"loc":{"start":{"line":3,"column":89},"end":{"line":3,"column":108}},"line":3},"3":{"name":"(anonymous_3)","decl":{"start":{"line":4,"column":36},"end":{"line":4,"column":37}},"loc":{"start":{"line":4,"column":63},"end":{"line":9,"column":5}},"line":4},"4":{"name":"fulfilled","decl":{"start":{"line":5,"column":17},"end":{"line":5,"column":26}},"loc":{"start":{"line":5,"column":34},"end":{"line":5,"column":99}},"line":5},"5":{"name":"rejected","decl":{"start":{"line":6,"column":17},"end":{"line":6,"column":25}},"loc":{"start":{"line":6,"column":33},"end":{"line":6,"column":102}},"line":6},"6":{"name":"step","decl":{"start":{"line":7,"column":17},"end":{"line":7,"column":21}},"loc":{"start":{"line":7,"column":30},"end":{"line":7,"column":118}},"line":7},"7":{"name":"(anonymous_7)","decl":{"start":{"line":11,"column":48},"end":{"line":11,"column":49}},"loc":{"start":{"line":11,"column":73},"end":{"line":37,"column":1}},"line":11},"8":{"name":"(anonymous_8)","decl":{"start":{"line":12,"column":30},"end":{"line":12,"column":31}},"loc":{"start":{"line":12,"column":41},"end":{"line":12,"column":83}},"line":12},"9":{"name":"(anonymous_9)","decl":{"start":{"line":13,"column":125},"end":{"line":13,"column":126}},"loc":{"start":{"line":13,"column":136},"end":{"line":13,"column":152}},"line":13},"10":{"name":"verb","decl":{"start":{"line":14,"column":13},"end":{"line":14,"column":17}},"loc":{"start":{"line":14,"column":21},"end":{"line":14,"column":70}},"line":14},"11":{"name":"(anonymous_11)","decl":{"start":{"line":14,"column":30},"end":{"line":14,"column":31}},"loc":{"start":{"line":14,"column":43},"end":{"line":14,"column":67}},"line":14},"12":{"name":"step","decl":{"start":{"line":15,"column":13},"end":{"line":15,"column":17}},"loc":{"start":{"line":15,"column":22},"end":{"line":36,"column":5}},"line":15},"13":{"name":"(anonymous_13)","decl":{"start":{"line":41,"column":35},"end":{"line":41,"column":36}},"loc":{"start":{"line":41,"column":47},"end":{"line":74,"column":1}},"line":41},"14":{"name":"SecretService","decl":{"start":{"line":42,"column":13},"end":{"line":42,"column":26}},"loc":{"start":{"line":42,"column":45},"end":{"line":44,"column":5}},"line":42},"15":{"name":"(anonymous_15)","decl":{"start":{"line":45,"column":43},"end":{"line":45,"column":44}},"loc":{"start":{"line":45,"column":62},"end":{"line":59,"column":5}},"line":45},"16":{"name":"(anonymous_16)","decl":{"start":{"line":46,"column":47},"end":{"line":46,"column":48}},"loc":{"start":{"line":46,"column":59},"end":{"line":58,"column":9}},"line":46},"17":{"name":"(anonymous_17)","decl":{"start":{"line":48,"column":37},"end":{"line":48,"column":38}},"loc":{"start":{"line":48,"column":51},"end":{"line":57,"column":13}},"line":48},"18":{"name":"(anonymous_18)","decl":{"start":{"line":60,"column":40},"end":{"line":60,"column":41}},"loc":{"start":{"line":60,"column":55},"end":{"line":72,"column":5}},"line":60},"19":{"name":"(anonymous_19)","decl":{"start":{"line":61,"column":47},"end":{"line":61,"column":48}},"loc":{"start":{"line":61,"column":59},"end":{"line":71,"column":9}},"line":61},"20":{"name":"(anonymous_20)","decl":{"start":{"line":63,"column":37},"end":{"line":63,"column":38}},"loc":{"start":{"line":63,"column":51},"end":{"line":70,"column":13}},"line":63}},"branchMap":{"0":{"loc":{"start":{"line":2,"column":16},"end":{"line":10,"column":1}},"type":"binary-expr","locations":[{"start":{"line":2,"column":17},"end":{"line":2,"column":21}},{"start":{"line":2,"column":25},"end":{"line":2,"column":39}},{"start":{"line":2,"column":44},"end":{"line":10,"column":1}}],"line":2},"1":{"loc":{"start":{"line":3,"column":35},"end":{"line":3,"column":109}},"type":"cond-expr","locations":[{"start":{"line":3,"column":56},"end":{"line":3,"column":61}},{"start":{"line":3,"column":64},"end":{"line":3,"column":109}}],"line":3},"2":{"loc":{"start":{"line":4,"column":16},"end":{"line":4,"column":34}},"type":"binary-expr","locations":[{"start":{"line":4,"column":16},"end":{"line":4,"column":17}},{"start":{"line":4,"column":22},"end":{"line":4,"column":33}}],"line":4},"3":{"loc":{"start":{"line":7,"column":32},"end":{"line":7,"column":115}},"type":"cond-expr","locations":[{"start":{"line":7,"column":46},"end":{"line":7,"column":67}},{"start":{"line":7,"column":70},"end":{"line":7,"column":115}}],"line":7},"4":{"loc":{"start":{"line":8,"column":51},"end":{"line":8,"column":67}},"type":"binary-expr","locations":[{"start":{"line":8,"column":51},"end":{"line":8,"column":61}},{"start":{"line":8,"column":65},"end":{"line":8,"column":67}}],"line":8},"5":{"loc":{"start":{"line":11,"column":18},"end":{"line":37,"column":1}},"type":"binary-expr","locations":[{"start":{"line":11,"column":19},"end":{"line":11,"column":23}},{"start":{"line":11,"column":27},"end":{"line":11,"column":43}},{"start":{"line":11,"column":48},"end":{"line":37,"column":1}}],"line":11},"6":{"loc":{"start":{"line":12,"column":43},"end":{"line":12,"column":68}},"type":"if","locations":[{"start":{"line":12,"column":43},"end":{"line":12,"column":68}},{"start":{},"end":{}}],"line":12},"7":{"loc":{"start":{"line":13,"column":71},"end":{"line":13,"column":153}},"type":"binary-expr","locations":[{"start":{"line":13,"column":71},"end":{"line":13,"column":99}},{"start":{"line":13,"column":104},"end":{"line":13,"column":152}}],"line":13},"8":{"loc":{"start":{"line":16,"column":8},"end":{"line":16,"column":70}},"type":"if","locations":[{"start":{"line":16,"column":8},"end":{"line":16,"column":70}},{"start":{},"end":{}}],"line":16},"9":{"loc":{"start":{"line":17,"column":15},"end":{"line":17,"column":45}},"type":"binary-expr","locations":[{"start":{"line":17,"column":15},"end":{"line":17,"column":16}},{"start":{"line":17,"column":21},"end":{"line":17,"column":44}}],"line":17},"10":{"loc":{"start":{"line":17,"column":28},"end":{"line":17,"column":44}},"type":"binary-expr","locations":[{"start":{"line":17,"column":28},"end":{"line":17,"column":33}},{"start":{"line":17,"column":38},"end":{"line":17,"column":43}}],"line":17},"11":{"loc":{"start":{"line":18,"column":12},"end":{"line":18,"column":169}},"type":"if","locations":[{"start":{"line":18,"column":12},"end":{"line":18,"column":169}},{"start":{},"end":{}}],"line":18},"12":{"loc":{"start":{"line":18,"column":23},"end":{"line":18,"column":158}},"type":"binary-expr","locations":[{"start":{"line":18,"column":23},"end":{"line":18,"column":24}},{"start":{"line":18,"column":29},"end":{"line":18,"column":125}},{"start":{"line":18,"column":130},"end":{"line":18,"column":158}}],"line":18},"13":{"loc":{"start":{"line":18,"column":33},"end":{"line":18,"column":125}},"type":"cond-expr","locations":[{"start":{"line":18,"column":45},"end":{"line":18,"column":56}},{"start":{"line":18,"column":59},"end":{"line":18,"column":125}}],"line":18},"14":{"loc":{"start":{"line":18,"column":59},"end":{"line":18,"column":125}},"type":"cond-expr","locations":[{"start":{"line":18,"column":67},"end":{"line":18,"column":116}},{"start":{"line":18,"column":119},"end":{"line":18,"column":125}}],"line":18},"15":{"loc":{"start":{"line":18,"column":67},"end":{"line":18,"column":116}},"type":"binary-expr","locations":[{"start":{"line":18,"column":67},"end":{"line":18,"column":77}},{"start":{"line":18,"column":82},"end":{"line":18,"column":115}}],"line":18},"16":{"loc":{"start":{"line":18,"column":82},"end":{"line":18,"column":112}},"type":"binary-expr","locations":[{"start":{"line":18,"column":83},"end":{"line":18,"column":98}},{"start":{"line":18,"column":103},"end":{"line":18,"column":112}}],"line":18},"17":{"loc":{"start":{"line":19,"column":12},"end":{"line":19,"column":52}},"type":"if","locations":[{"start":{"line":19,"column":12},"end":{"line":19,"column":52}},{"start":{},"end":{}}],"line":19},"18":{"loc":{"start":{"line":20,"column":12},"end":{"line":32,"column":13}},"type":"switch","locations":[{"start":{"line":21,"column":16},"end":{"line":21,"column":23}},{"start":{"line":21,"column":24},"end":{"line":21,"column":46}},{"start":{"line":22,"column":16},"end":{"line":22,"column":72}},{"start":{"line":23,"column":16},"end":{"line":23,"column":65}},{"start":{"line":24,"column":16},"end":{"line":24,"column":65}},{"start":{"line":25,"column":16},"end":{"line":31,"column":43}}],"line":20},"19":{"loc":{"start":{"line":26,"column":20},"end":{"line":26,"column":128}},"type":"if","locations":[{"start":{"line":26,"column":20},"end":{"line":26,"column":128}},{"start":{},"end":{}}],"line":26},"20":{"loc":{"start":{"line":26,"column":24},"end":{"line":26,"column":106}},"type":"binary-expr","locations":[{"start":{"line":26,"column":24},"end":{"line":26,"column":74}},{"start":{"line":26,"column":79},"end":{"line":26,"column":90}},{"start":{"line":26,"column":94},"end":{"line":26,"column":105}}],"line":26},"21":{"loc":{"start":{"line":26,"column":42},"end":{"line":26,"column":73}},"type":"binary-expr","locations":[{"start":{"line":26,"column":42},"end":{"line":26,"column":54}},{"start":{"line":26,"column":58},"end":{"line":26,"column":73}}],"line":26},"22":{"loc":{"start":{"line":27,"column":20},"end":{"line":27,"column":106}},"type":"if","locations":[{"start":{"line":27,"column":20},"end":{"line":27,"column":106}},{"start":{},"end":{}}],"line":27},"23":{"loc":{"start":{"line":27,"column":24},"end":{"line":27,"column":77}},"type":"binary-expr","locations":[{"start":{"line":27,"column":24},"end":{"line":27,"column":35}},{"start":{"line":27,"column":40},"end":{"line":27,"column":42}},{"start":{"line":27,"column":47},"end":{"line":27,"column":59}},{"start":{"line":27,"column":63},"end":{"line":27,"column":75}}],"line":27},"24":{"loc":{"start":{"line":28,"column":20},"end":{"line":28,"column":89}},"type":"if","locations":[{"start":{"line":28,"column":20},"end":{"line":28,"column":89}},{"start":{},"end":{}}],"line":28},"25":{"loc":{"start":{"line":28,"column":24},"end":{"line":28,"column":53}},"type":"binary-expr","locations":[{"start":{"line":28,"column":24},"end":{"line":28,"column":35}},{"start":{"line":28,"column":39},"end":{"line":28,"column":53}}],"line":28},"26":{"loc":{"start":{"line":29,"column":20},"end":{"line":29,"column":87}},"type":"if","locations":[{"start":{"line":29,"column":20},"end":{"line":29,"column":87}},{"start":{},"end":{}}],"line":29},"27":{"loc":{"start":{"line":29,"column":24},"end":{"line":29,"column":43}},"type":"binary-expr","locations":[{"start":{"line":29,"column":24},"end":{"line":29,"column":25}},{"start":{"line":29,"column":29},"end":{"line":29,"column":43}}],"line":29},"28":{"loc":{"start":{"line":30,"column":20},"end":{"line":30,"column":42}},"type":"if","locations":[{"start":{"line":30,"column":20},"end":{"line":30,"column":42}},{"start":{},"end":{}}],"line":30},"29":{"loc":{"start":{"line":35,"column":8},"end":{"line":35,"column":35}},"type":"if","locations":[{"start":{"line":35,"column":8},"end":{"line":35,"column":35}},{"start":{},"end":{}}],"line":35},"30":{"loc":{"start":{"line":35,"column":52},"end":{"line":35,"column":74}},"type":"cond-expr","locations":[{"start":{"line":35,"column":60},"end":{"line":35,"column":65}},{"start":{"line":35,"column":68},"end":{"line":35,"column":74}}],"line":35},"31":{"loc":{"start":{"line":49,"column":16},"end":{"line":56,"column":17}},"type":"switch","locations":[{"start":{"line":50,"column":20},"end":{"line":52,"column":88}},{"start":{"line":53,"column":20},"end":{"line":55,"column":51}}],"line":49},"32":{"loc":{"start":{"line":64,"column":16},"end":{"line":69,"column":17}},"type":"switch","locations":[{"start":{"line":65,"column":20},"end":{"line":65,"column":92}},{"start":{"line":66,"column":20},"end":{"line":68,"column":54}}],"line":64}},"s":{"0":1,"1":1,"2":0,"3":1,"4":1,"5":1,"6":0,"7":0,"8":0,"9":0,"10":2,"11":1,"12":1,"13":1,"14":1,"15":0,"16":1,"17":1,"18":0,"19":3,"20":2,"21":2,"22":0,"23":2,"24":4,"25":4,"26":0,"27":4,"28":0,"29":4,"30":2,"31":2,"32":1,"33":1,"34":0,"35":0,"36":0,"37":0,"38":0,"39":0,"40":0,"41":1,"42":1,"43":1,"44":0,"45":0,"46":0,"47":0,"48":0,"49":0,"50":0,"51":0,"52":0,"53":0,"54":0,"55":0,"56":0,"57":0,"58":0,"59":2,"60":0,"61":0,"62":4,"63":1,"64":0,"65":1,"66":1,"67":1,"68":1,"69":1,"70":1,"71":1,"72":1,"73":1,"74":2,"75":1,"76":1,"77":1,"78":1,"79":1,"80":0,"81":0,"82":0,"83":0,"84":0,"85":0,"86":1,"87":1},"f":{"0":1,"1":1,"2":0,"3":1,"4":1,"5":0,"6":2,"7":1,"8":1,"9":0,"10":3,"11":2,"12":2,"13":1,"14":1,"15":1,"16":1,"17":2,"18":0,"19":0,"20":0},"b":{"0":[1,1,1],"1":[1,0],"2":[1,1],"3":[1,1],"4":[1,1],"5":[1,1,1],"6":[0,1],"7":[1,1],"8":[0,2],"9":[5,1],"10":[1,0],"11":[0,4],"12":[4,0,0],"13":[0,0],"14":[0,0],"15":[0,0],"16":[0,0],"17":[0,4],"18":[2,2,1,0,0,1],"19":[1,0],"20":[1,1,1],"21":[1,0],"22":[0,0],"23":[0,0,0,0],"24":[0,0],"25":[0,0],"26":[0,0],"27":[0,0],"28":[0,0],"29":[0,1],"30":[1,0],"31":[1,1],"32":[0,0]},"inputSourceMap":null,"_coverageSchema":"1a1c01bbd47fc00a2c39e90264f33305004495a9","hash":"d294cbb5d5f149d3e43d73f8135b09adaded5503"}
,"C:\\Users\\anita\\OneDrive\\Documentos\\JalaSoft\\Proyecto\\one_time_secret\\dist\\src\\domain\\model\\SecretModel.js": {"path":"C:\\Users\\anita\\OneDrive\\Documentos\\JalaSoft\\Proyecto\\one_time_secret\\dist\\src\\domain\\model\\SecretModel.js","statementMap":{"0":{"start":{"line":2,"column":0},"end":{"line":2,"column":62}},"1":{"start":{"line":3,"column":0},"end":{"line":3,"column":24}},"2":{"start":{"line":4,"column":28},"end":{"line":9,"column":3}},"3":{"start":{"line":6,"column":8},"end":{"line":6,"column":31}},"4":{"start":{"line":8,"column":4},"end":{"line":8,"column":18}},"5":{"start":{"line":10,"column":0},"end":{"line":10,"column":24}}},"fnMap":{"0":{"name":"(anonymous_0)","decl":{"start":{"line":4,"column":28},"end":{"line":4,"column":29}},"loc":{"start":{"line":4,"column":40},"end":{"line":9,"column":1}},"line":4},"1":{"name":"Secret","decl":{"start":{"line":5,"column":13},"end":{"line":5,"column":19}},"loc":{"start":{"line":5,"column":29},"end":{"line":7,"column":5}},"line":5}},"branchMap":{},"s":{"0":1,"1":1,"2":1,"3":1,"4":1,"5":1},"f":{"0":1,"1":1},"b":{},"inputSourceMap":null,"_coverageSchema":"1a1c01bbd47fc00a2c39e90264f33305004495a9","hash":"f66880f2cbbe17bec5f8e5fcaca5b97ec6131d50"}
,"C:\\Users\\anita\\OneDrive\\Documentos\\JalaSoft\\Proyecto\\one_time_secret\\dist\\src\\infrastructure\\InMemorySecretRepository.js": {"path":"C:\\Users\\anita\\OneDrive\\Documentos\\JalaSoft\\Proyecto\\one_time_secret\\dist\\src\\infrastructure\\InMemorySecretRepository.js","statementMap":{"0":{"start":{"line":4,"column":2},"end":{"line":35,"column":3}},"1":{"start":{"line":7,"column":6},"end":{"line":11,"column":13}},"2":{"start":{"line":10,"column":12},"end":{"line":10,"column":27}},"3":{"start":{"line":13,"column":4},"end":{"line":34,"column":7}},"4":{"start":{"line":15,"column":8},"end":{"line":19,"column":9}},"5":{"start":{"line":16,"column":10},"end":{"line":16,"column":38}},"6":{"start":{"line":18,"column":10},"end":{"line":18,"column":20}},"7":{"start":{"line":22,"column":8},"end":{"line":26,"column":9}},"8":{"start":{"line":23,"column":10},"end":{"line":23,"column":42}},"9":{"start":{"line":25,"column":10},"end":{"line":25,"column":20}},"10":{"start":{"line":29,"column":8},"end":{"line":31,"column":58}},"11":{"start":{"line":33,"column":6},"end":{"line":33,"column":76}},"12":{"start":{"line":37,"column":2},"end":{"line":135,"column":3}},"13":{"start":{"line":39,"column":12},"end":{"line":47,"column":7}},"14":{"start":{"line":42,"column":10},"end":{"line":42,"column":35}},"15":{"start":{"line":42,"column":24},"end":{"line":42,"column":35}},"16":{"start":{"line":43,"column":10},"end":{"line":43,"column":22}},"17":{"start":{"line":52,"column":4},"end":{"line":59,"column":6}},"18":{"start":{"line":56,"column":10},"end":{"line":56,"column":22}},"19":{"start":{"line":61,"column":6},"end":{"line":63,"column":8}},"20":{"start":{"line":62,"column":8},"end":{"line":62,"column":28}},"21":{"start":{"line":66,"column":6},"end":{"line":66,"column":68}},"22":{"start":{"line":66,"column":13},"end":{"line":66,"column":68}},"23":{"start":{"line":67,"column":6},"end":{"line":131,"column":9}},"24":{"start":{"line":68,"column":8},"end":{"line":131,"column":9}},"25":{"start":{"line":69,"column":10},"end":{"line":80,"column":21}},"26":{"start":{"line":80,"column":12},"end":{"line":80,"column":21}},"27":{"start":{"line":81,"column":10},"end":{"line":81,"column":54}},"28":{"start":{"line":81,"column":28},"end":{"line":81,"column":54}},"29":{"start":{"line":82,"column":10},"end":{"line":124,"column":11}},"30":{"start":{"line":85,"column":14},"end":{"line":85,"column":21}},"31":{"start":{"line":86,"column":14},"end":{"line":86,"column":20}},"32":{"start":{"line":88,"column":14},"end":{"line":88,"column":24}},"33":{"start":{"line":89,"column":14},"end":{"line":89,"column":51}},"34":{"start":{"line":91,"column":14},"end":{"line":91,"column":24}},"35":{"start":{"line":92,"column":14},"end":{"line":92,"column":24}},"36":{"start":{"line":93,"column":14},"end":{"line":93,"column":23}},"37":{"start":{"line":94,"column":14},"end":{"line":94,"column":23}},"38":{"start":{"line":96,"column":14},"end":{"line":96,"column":31}},"39":{"start":{"line":97,"column":14},"end":{"line":97,"column":27}},"40":{"start":{"line":98,"column":14},"end":{"line":98,"column":23}},"41":{"start":{"line":100,"column":14},"end":{"line":106,"column":15}},"42":{"start":{"line":104,"column":16},"end":{"line":104,"column":22}},"43":{"start":{"line":105,"column":16},"end":{"line":105,"column":25}},"44":{"start":{"line":107,"column":14},"end":{"line":110,"column":15}},"45":{"start":{"line":108,"column":16},"end":{"line":108,"column":32}},"46":{"start":{"line":109,"column":16},"end":{"line":109,"column":22}},"47":{"start":{"line":111,"column":14},"end":{"line":115,"column":15}},"48":{"start":{"line":112,"column":16},"end":{"line":112,"column":31}},"49":{"start":{"line":113,"column":16},"end":{"line":113,"column":23}},"50":{"start":{"line":114,"column":16},"end":{"line":114,"column":22}},"51":{"start":{"line":116,"column":14},"end":{"line":120,"column":15}},"52":{"start":{"line":117,"column":16},"end":{"line":117,"column":31}},"53":{"start":{"line":118,"column":16},"end":{"line":118,"column":31}},"54":{"start":{"line":119,"column":16},"end":{"line":119,"column":22}},"55":{"start":{"line":121,"column":14},"end":{"line":121,"column":36}},"56":{"start":{"line":121,"column":24},"end":{"line":121,"column":36}},"57":{"start":{"line":122,"column":14},"end":{"line":122,"column":27}},"58":{"start":{"line":123,"column":14},"end":{"line":123,"column":23}},"59":{"start":{"line":125,"column":10},"end":{"line":125,"column":37}},"60":{"start":{"line":127,"column":10},"end":{"line":127,"column":22}},"61":{"start":{"line":128,"column":10},"end":{"line":128,"column":16}},"62":{"start":{"line":130,"column":10},"end":{"line":130,"column":20}},"63":{"start":{"line":132,"column":6},"end":{"line":132,"column":33}},"64":{"start":{"line":132,"column":21},"end":{"line":132,"column":33}},"65":{"start":{"line":133,"column":6},"end":{"line":133,"column":59}},"66":{"start":{"line":136,"column":0},"end":{"line":136,"column":62}},"67":{"start":{"line":137,"column":0},"end":{"line":137,"column":42}},"68":{"start":{"line":138,"column":13},"end":{"line":138,"column":30}},"69":{"start":{"line":139,"column":11},"end":{"line":139,"column":39}},"70":{"start":{"line":140,"column":18},"end":{"line":140,"column":20}},"71":{"start":{"line":141,"column":45},"end":{"line":165,"column":4}},"72":{"start":{"line":143,"column":2},"end":{"line":153,"column":4}},"73":{"start":{"line":144,"column":4},"end":{"line":152,"column":7}},"74":{"start":{"line":146,"column":6},"end":{"line":151,"column":9}},"75":{"start":{"line":147,"column":8},"end":{"line":147,"column":52}},"76":{"start":{"line":148,"column":8},"end":{"line":148,"column":69}},"77":{"start":{"line":149,"column":8},"end":{"line":149,"column":56}},"78":{"start":{"line":150,"column":8},"end":{"line":150,"column":41}},"79":{"start":{"line":154,"column":2},"end":{"line":163,"column":4}},"80":{"start":{"line":155,"column":4},"end":{"line":162,"column":7}},"81":{"start":{"line":157,"column":6},"end":{"line":161,"column":9}},"82":{"start":{"line":158,"column":8},"end":{"line":158,"column":38}},"83":{"start":{"line":159,"column":8},"end":{"line":159,"column":58}},"84":{"start":{"line":159,"column":25},"end":{"line":159,"column":58}},"85":{"start":{"line":160,"column":8},"end":{"line":160,"column":54}},"86":{"start":{"line":164,"column":2},"end":{"line":164,"column":34}},"87":{"start":{"line":166,"column":0},"end":{"line":166,"column":60}}},"fnMap":{"0":{"name":"(anonymous_0)","decl":{"start":{"line":5,"column":2},"end":{"line":5,"column":3}},"loc":{"start":{"line":5,"column":47},"end":{"line":35,"column":3}},"line":5},"1":{"name":"adopt","decl":{"start":{"line":6,"column":13},"end":{"line":6,"column":18}},"loc":{"start":{"line":6,"column":26},"end":{"line":12,"column":5}},"line":6},"2":{"name":"(anonymous_2)","decl":{"start":{"line":9,"column":16},"end":{"line":9,"column":17}},"loc":{"start":{"line":9,"column":35},"end":{"line":11,"column":11}},"line":9},"3":{"name":"(anonymous_3)","decl":{"start":{"line":13,"column":36},"end":{"line":13,"column":37}},"loc":{"start":{"line":13,"column":63},"end":{"line":34,"column":5}},"line":13},"4":{"name":"fulfilled","decl":{"start":{"line":14,"column":15},"end":{"line":14,"column":24}},"loc":{"start":{"line":14,"column":32},"end":{"line":20,"column":7}},"line":14},"5":{"name":"rejected","decl":{"start":{"line":21,"column":15},"end":{"line":21,"column":23}},"loc":{"start":{"line":21,"column":31},"end":{"line":27,"column":7}},"line":21},"6":{"name":"step","decl":{"start":{"line":28,"column":15},"end":{"line":28,"column":19}},"loc":{"start":{"line":28,"column":28},"end":{"line":32,"column":7}},"line":28},"7":{"name":"(anonymous_7)","decl":{"start":{"line":38,"column":2},"end":{"line":38,"column":3}},"loc":{"start":{"line":38,"column":27},"end":{"line":135,"column":3}},"line":38},"8":{"name":"(anonymous_8)","decl":{"start":{"line":41,"column":14},"end":{"line":41,"column":15}},"loc":{"start":{"line":41,"column":26},"end":{"line":44,"column":9}},"line":41},"9":{"name":"(anonymous_9)","decl":{"start":{"line":55,"column":30},"end":{"line":55,"column":31}},"loc":{"start":{"line":55,"column":42},"end":{"line":57,"column":9}},"line":55},"10":{"name":"verb","decl":{"start":{"line":60,"column":13},"end":{"line":60,"column":17}},"loc":{"start":{"line":60,"column":21},"end":{"line":64,"column":5}},"line":60},"11":{"name":"(anonymous_11)","decl":{"start":{"line":61,"column":13},"end":{"line":61,"column":14}},"loc":{"start":{"line":61,"column":26},"end":{"line":63,"column":7}},"line":61},"12":{"name":"step","decl":{"start":{"line":65,"column":13},"end":{"line":65,"column":17}},"loc":{"start":{"line":65,"column":22},"end":{"line":134,"column":5}},"line":65},"13":{"name":"(anonymous_13)","decl":{"start":{"line":141,"column":46},"end":{"line":141,"column":47}},"loc":{"start":{"line":141,"column":58},"end":{"line":165,"column":1}},"line":141},"14":{"name":"InMemorySecretRepository","decl":{"start":{"line":142,"column":11},"end":{"line":142,"column":35}},"loc":{"start":{"line":142,"column":38},"end":{"line":142,"column":40}},"line":142},"15":{"name":"(anonymous_15)","decl":{"start":{"line":143,"column":51},"end":{"line":143,"column":52}},"loc":{"start":{"line":143,"column":69},"end":{"line":153,"column":3}},"line":143},"16":{"name":"(anonymous_16)","decl":{"start":{"line":144,"column":43},"end":{"line":144,"column":44}},"loc":{"start":{"line":144,"column":55},"end":{"line":152,"column":5}},"line":144},"17":{"name":"(anonymous_17)","decl":{"start":{"line":146,"column":31},"end":{"line":146,"column":32}},"loc":{"start":{"line":146,"column":45},"end":{"line":151,"column":7}},"line":146},"18":{"name":"(anonymous_18)","decl":{"start":{"line":154,"column":54},"end":{"line":154,"column":55}},"loc":{"start":{"line":154,"column":69},"end":{"line":163,"column":3}},"line":154},"19":{"name":"(anonymous_19)","decl":{"start":{"line":155,"column":43},"end":{"line":155,"column":44}},"loc":{"start":{"line":155,"column":55},"end":{"line":162,"column":5}},"line":155},"20":{"name":"(anonymous_20)","decl":{"start":{"line":157,"column":31},"end":{"line":157,"column":32}},"loc":{"start":{"line":157,"column":45},"end":{"line":161,"column":7}},"line":157}},"branchMap":{"0":{"loc":{"start":{"line":4,"column":2},"end":{"line":35,"column":3}},"type":"binary-expr","locations":[{"start":{"line":4,"column":3},"end":{"line":4,"column":7}},{"start":{"line":4,"column":11},"end":{"line":4,"column":25}},{"start":{"line":5,"column":2},"end":{"line":35,"column":3}}],"line":4},"1":{"loc":{"start":{"line":7,"column":13},"end":{"line":11,"column":12}},"type":"cond-expr","locations":[{"start":{"line":8,"column":10},"end":{"line":8,"column":15}},{"start":{"line":9,"column":10},"end":{"line":11,"column":12}}],"line":7},"2":{"loc":{"start":{"line":13,"column":16},"end":{"line":13,"column":34}},"type":"binary-expr","locations":[{"start":{"line":13,"column":16},"end":{"line":13,"column":17}},{"start":{"line":13,"column":22},"end":{"line":13,"column":33}}],"line":13},"3":{"loc":{"start":{"line":29,"column":8},"end":{"line":31,"column":57}},"type":"cond-expr","locations":[{"start":{"line":30,"column":12},"end":{"line":30,"column":33}},{"start":{"line":31,"column":12},"end":{"line":31,"column":57}}],"line":29},"4":{"loc":{"start":{"line":33,"column":49},"end":{"line":33,"column":65}},"type":"binary-expr","locations":[{"start":{"line":33,"column":49},"end":{"line":33,"column":59}},{"start":{"line":33,"column":63},"end":{"line":33,"column":65}}],"line":33},"5":{"loc":{"start":{"line":37,"column":2},"end":{"line":135,"column":3}},"type":"binary-expr","locations":[{"start":{"line":37,"column":3},"end":{"line":37,"column":7}},{"start":{"line":37,"column":11},"end":{"line":37,"column":27}},{"start":{"line":38,"column":2},"end":{"line":135,"column":3}}],"line":37},"6":{"loc":{"start":{"line":42,"column":10},"end":{"line":42,"column":35}},"type":"if","locations":[{"start":{"line":42,"column":10},"end":{"line":42,"column":35}},{"start":{},"end":{}}],"line":42},"7":{"loc":{"start":{"line":54,"column":6},"end":{"line":57,"column":10}},"type":"binary-expr","locations":[{"start":{"line":54,"column":6},"end":{"line":54,"column":34}},{"start":{"line":55,"column":9},"end":{"line":57,"column":9}}],"line":54},"8":{"loc":{"start":{"line":66,"column":6},"end":{"line":66,"column":68}},"type":"if","locations":[{"start":{"line":66,"column":6},"end":{"line":66,"column":68}},{"start":{},"end":{}}],"line":66},"9":{"loc":{"start":{"line":67,"column":14},"end":{"line":67,"column":46}},"type":"binary-expr","locations":[{"start":{"line":67,"column":14},"end":{"line":67,"column":15}},{"start":{"line":67,"column":20},"end":{"line":67,"column":45}}],"line":67},"10":{"loc":{"start":{"line":67,"column":29},"end":{"line":67,"column":45}},"type":"binary-expr","locations":[{"start":{"line":67,"column":29},"end":{"line":67,"column":34}},{"start":{"line":67,"column":39},"end":{"line":67,"column":44}}],"line":67},"11":{"loc":{"start":{"line":69,"column":10},"end":{"line":80,"column":21}},"type":"if","locations":[{"start":{"line":69,"column":10},"end":{"line":80,"column":21}},{"start":{},"end":{}}],"line":69},"12":{"loc":{"start":{"line":71,"column":12},"end":{"line":78,"column":42}},"type":"binary-expr","locations":[{"start":{"line":71,"column":12},"end":{"line":71,"column":13}},{"start":{"line":72,"column":15},"end":{"line":77,"column":26}},{"start":{"line":78,"column":14},"end":{"line":78,"column":42}}],"line":71},"13":{"loc":{"start":{"line":73,"column":16},"end":{"line":77,"column":26}},"type":"cond-expr","locations":[{"start":{"line":74,"column":20},"end":{"line":74,"column":31}},{"start":{"line":75,"column":20},"end":{"line":77,"column":26}}],"line":73},"14":{"loc":{"start":{"line":75,"column":20},"end":{"line":77,"column":26}},"type":"cond-expr","locations":[{"start":{"line":76,"column":20},"end":{"line":76,"column":69}},{"start":{"line":77,"column":20},"end":{"line":77,"column":26}}],"line":75},"15":{"loc":{"start":{"line":76,"column":20},"end":{"line":76,"column":69}},"type":"binary-expr","locations":[{"start":{"line":76,"column":20},"end":{"line":76,"column":30}},{"start":{"line":76,"column":35},"end":{"line":76,"column":68}}],"line":76},"16":{"loc":{"start":{"line":76,"column":35},"end":{"line":76,"column":65}},"type":"binary-expr","locations":[{"start":{"line":76,"column":36},"end":{"line":76,"column":51}},{"start":{"line":76,"column":56},"end":{"line":76,"column":65}}],"line":76},"17":{"loc":{"start":{"line":81,"column":10},"end":{"line":81,"column":54}},"type":"if","locations":[{"start":{"line":81,"column":10},"end":{"line":81,"column":54}},{"start":{},"end":{}}],"line":81},"18":{"loc":{"start":{"line":82,"column":10},"end":{"line":124,"column":11}},"type":"switch","locations":[{"start":{"line":83,"column":12},"end":{"line":83,"column":19}},{"start":{"line":84,"column":12},"end":{"line":86,"column":20}},{"start":{"line":87,"column":12},"end":{"line":89,"column":51}},{"start":{"line":90,"column":12},"end":{"line":94,"column":23}},{"start":{"line":95,"column":12},"end":{"line":98,"column":23}},{"start":{"line":99,"column":12},"end":{"line":123,"column":23}}],"line":82},"19":{"loc":{"start":{"line":100,"column":14},"end":{"line":106,"column":15}},"type":"if","locations":[{"start":{"line":100,"column":14},"end":{"line":106,"column":15}},{"start":{},"end":{}}],"line":100},"20":{"loc":{"start":{"line":101,"column":16},"end":{"line":102,"column":44}},"type":"binary-expr","locations":[{"start":{"line":101,"column":16},"end":{"line":101,"column":70}},{"start":{"line":102,"column":17},"end":{"line":102,"column":28}},{"start":{"line":102,"column":32},"end":{"line":102,"column":43}}],"line":101},"21":{"loc":{"start":{"line":101,"column":37},"end":{"line":101,"column":68}},"type":"binary-expr","locations":[{"start":{"line":101,"column":37},"end":{"line":101,"column":49}},{"start":{"line":101,"column":53},"end":{"line":101,"column":68}}],"line":101},"22":{"loc":{"start":{"line":107,"column":14},"end":{"line":110,"column":15}},"type":"if","locations":[{"start":{"line":107,"column":14},"end":{"line":110,"column":15}},{"start":{},"end":{}}],"line":107},"23":{"loc":{"start":{"line":107,"column":18},"end":{"line":107,"column":71}},"type":"binary-expr","locations":[{"start":{"line":107,"column":18},"end":{"line":107,"column":29}},{"start":{"line":107,"column":34},"end":{"line":107,"column":36}},{"start":{"line":107,"column":41},"end":{"line":107,"column":53}},{"start":{"line":107,"column":57},"end":{"line":107,"column":69}}],"line":107},"24":{"loc":{"start":{"line":111,"column":14},"end":{"line":115,"column":15}},"type":"if","locations":[{"start":{"line":111,"column":14},"end":{"line":115,"column":15}},{"start":{},"end":{}}],"line":111},"25":{"loc":{"start":{"line":111,"column":18},"end":{"line":111,"column":47}},"type":"binary-expr","locations":[{"start":{"line":111,"column":18},"end":{"line":111,"column":29}},{"start":{"line":111,"column":33},"end":{"line":111,"column":47}}],"line":111},"26":{"loc":{"start":{"line":116,"column":14},"end":{"line":120,"column":15}},"type":"if","locations":[{"start":{"line":116,"column":14},"end":{"line":120,"column":15}},{"start":{},"end":{}}],"line":116},"27":{"loc":{"start":{"line":116,"column":18},"end":{"line":116,"column":37}},"type":"binary-expr","locations":[{"start":{"line":116,"column":18},"end":{"line":116,"column":19}},{"start":{"line":116,"column":23},"end":{"line":116,"column":37}}],"line":116},"28":{"loc":{"start":{"line":121,"column":14},"end":{"line":121,"column":36}},"type":"if","locations":[{"start":{"line":121,"column":14},"end":{"line":121,"column":36}},{"start":{},"end":{}}],"line":121},"29":{"loc":{"start":{"line":132,"column":6},"end":{"line":132,"column":33}},"type":"if","locations":[{"start":{"line":132,"column":6},"end":{"line":132,"column":33}},{"start":{},"end":{}}],"line":132},"30":{"loc":{"start":{"line":133,"column":22},"end":{"line":133,"column":44}},"type":"cond-expr","locations":[{"start":{"line":133,"column":30},"end":{"line":133,"column":35}},{"start":{"line":133,"column":38},"end":{"line":133,"column":44}}],"line":133},"31":{"loc":{"start":{"line":159,"column":8},"end":{"line":159,"column":58}},"type":"if","locations":[{"start":{"line":159,"column":8},"end":{"line":159,"column":58}},{"start":{},"end":{}}],"line":159}},"s":{"0":1,"1":0,"2":0,"3":1,"4":0,"5":0,"6":0,"7":0,"8":0,"9":0,"10":1,"11":1,"12":1,"13":1,"14":0,"15":0,"16":0,"17":1,"18":0,"19":3,"20":1,"21":1,"22":0,"23":1,"24":2,"25":2,"26":0,"27":2,"28":0,"29":2,"30":1,"31":1,"32":0,"33":0,"34":0,"35":0,"36":0,"37":0,"38":0,"39":0,"40":0,"41":1,"42":1,"43":1,"44":0,"45":0,"46":0,"47":0,"48":0,"49":0,"50":0,"51":0,"52":0,"53":0,"54":0,"55":0,"56":0,"57":0,"58":0,"59":1,"60":0,"61":0,"62":2,"63":1,"64":0,"65":1,"66":1,"67":1,"68":1,"69":1,"70":1,"71":1,"72":1,"73":1,"74":1,"75":1,"76":1,"77":1,"78":1,"79":1,"80":0,"81":0,"82":0,"83":0,"84":0,"85":0,"86":1,"87":1},"f":{"0":1,"1":0,"2":0,"3":1,"4":0,"5":0,"6":1,"7":1,"8":0,"9":0,"10":3,"11":1,"12":1,"13":1,"14":1,"15":1,"16":1,"17":1,"18":0,"19":0,"20":0},"b":{"0":[1,1,1],"1":[0,0],"2":[1,1],"3":[1,0],"4":[1,1],"5":[1,1,1],"6":[0,0],"7":[1,1],"8":[0,1],"9":[3,1],"10":[1,0],"11":[0,2],"12":[2,0,0],"13":[0,0],"14":[0,0],"15":[0,0],"16":[0,0],"17":[0,2],"18":[1,1,0,0,0,1],"19":[1,0],"20":[1,1,1],"21":[1,0],"22":[0,0],"23":[0,0,0,0],"24":[0,0],"25":[0,0],"26":[0,0],"27":[0,0],"28":[0,0],"29":[0,1],"30":[1,0],"31":[0,0]},"inputSourceMap":null,"_coverageSchema":"1a1c01bbd47fc00a2c39e90264f33305004495a9","hash":"9431e4af22c2264727ad53577995d0e70c6f847f"}
,"C:\\Users\\anita\\OneDrive\\Documentos\\JalaSoft\\Proyecto\\one_time_secret\\dist\\src\\presentation\\SecretController.js": {"path":"C:\\Users\\anita\\OneDrive\\Documentos\\JalaSoft\\Proyecto\\one_time_secret\\dist\\src\\presentation\\SecretController.js","statementMap":{"0":{"start":{"line":4,"column":2},"end":{"line":35,"column":3}},"1":{"start":{"line":7,"column":6},"end":{"line":11,"column":13}},"2":{"start":{"line":10,"column":12},"end":{"line":10,"column":27}},"3":{"start":{"line":13,"column":4},"end":{"line":34,"column":7}},"4":{"start":{"line":15,"column":8},"end":{"line":19,"column":9}},"5":{"start":{"line":16,"column":10},"end":{"line":16,"column":38}},"6":{"start":{"line":18,"column":10},"end":{"line":18,"column":20}},"7":{"start":{"line":22,"column":8},"end":{"line":26,"column":9}},"8":{"start":{"line":23,"column":10},"end":{"line":23,"column":42}},"9":{"start":{"line":25,"column":10},"end":{"line":25,"column":20}},"10":{"start":{"line":29,"column":8},"end":{"line":31,"column":58}},"11":{"start":{"line":33,"column":6},"end":{"line":33,"column":76}},"12":{"start":{"line":37,"column":2},"end":{"line":135,"column":3}},"13":{"start":{"line":39,"column":12},"end":{"line":47,"column":7}},"14":{"start":{"line":42,"column":10},"end":{"line":42,"column":35}},"15":{"start":{"line":42,"column":24},"end":{"line":42,"column":35}},"16":{"start":{"line":43,"column":10},"end":{"line":43,"column":22}},"17":{"start":{"line":52,"column":4},"end":{"line":59,"column":6}},"18":{"start":{"line":56,"column":10},"end":{"line":56,"column":22}},"19":{"start":{"line":61,"column":6},"end":{"line":63,"column":8}},"20":{"start":{"line":62,"column":8},"end":{"line":62,"column":28}},"21":{"start":{"line":66,"column":6},"end":{"line":66,"column":68}},"22":{"start":{"line":66,"column":13},"end":{"line":66,"column":68}},"23":{"start":{"line":67,"column":6},"end":{"line":131,"column":9}},"24":{"start":{"line":68,"column":8},"end":{"line":131,"column":9}},"25":{"start":{"line":69,"column":10},"end":{"line":80,"column":21}},"26":{"start":{"line":80,"column":12},"end":{"line":80,"column":21}},"27":{"start":{"line":81,"column":10},"end":{"line":81,"column":54}},"28":{"start":{"line":81,"column":28},"end":{"line":81,"column":54}},"29":{"start":{"line":82,"column":10},"end":{"line":124,"column":11}},"30":{"start":{"line":85,"column":14},"end":{"line":85,"column":21}},"31":{"start":{"line":86,"column":14},"end":{"line":86,"column":20}},"32":{"start":{"line":88,"column":14},"end":{"line":88,"column":24}},"33":{"start":{"line":89,"column":14},"end":{"line":89,"column":51}},"34":{"start":{"line":91,"column":14},"end":{"line":91,"column":24}},"35":{"start":{"line":92,"column":14},"end":{"line":92,"column":24}},"36":{"start":{"line":93,"column":14},"end":{"line":93,"column":23}},"37":{"start":{"line":94,"column":14},"end":{"line":94,"column":23}},"38":{"start":{"line":96,"column":14},"end":{"line":96,"column":31}},"39":{"start":{"line":97,"column":14},"end":{"line":97,"column":27}},"40":{"start":{"line":98,"column":14},"end":{"line":98,"column":23}},"41":{"start":{"line":100,"column":14},"end":{"line":106,"column":15}},"42":{"start":{"line":104,"column":16},"end":{"line":104,"column":22}},"43":{"start":{"line":105,"column":16},"end":{"line":105,"column":25}},"44":{"start":{"line":107,"column":14},"end":{"line":110,"column":15}},"45":{"start":{"line":108,"column":16},"end":{"line":108,"column":32}},"46":{"start":{"line":109,"column":16},"end":{"line":109,"column":22}},"47":{"start":{"line":111,"column":14},"end":{"line":115,"column":15}},"48":{"start":{"line":112,"column":16},"end":{"line":112,"column":31}},"49":{"start":{"line":113,"column":16},"end":{"line":113,"column":23}},"50":{"start":{"line":114,"column":16},"end":{"line":114,"column":22}},"51":{"start":{"line":116,"column":14},"end":{"line":120,"column":15}},"52":{"start":{"line":117,"column":16},"end":{"line":117,"column":31}},"53":{"start":{"line":118,"column":16},"end":{"line":118,"column":31}},"54":{"start":{"line":119,"column":16},"end":{"line":119,"column":22}},"55":{"start":{"line":121,"column":14},"end":{"line":121,"column":36}},"56":{"start":{"line":121,"column":24},"end":{"line":121,"column":36}},"57":{"start":{"line":122,"column":14},"end":{"line":122,"column":27}},"58":{"start":{"line":123,"column":14},"end":{"line":123,"column":23}},"59":{"start":{"line":125,"column":10},"end":{"line":125,"column":37}},"60":{"start":{"line":127,"column":10},"end":{"line":127,"column":22}},"61":{"start":{"line":128,"column":10},"end":{"line":128,"column":16}},"62":{"start":{"line":130,"column":10},"end":{"line":130,"column":20}},"63":{"start":{"line":132,"column":6},"end":{"line":132,"column":33}},"64":{"start":{"line":132,"column":21},"end":{"line":132,"column":33}},"65":{"start":{"line":133,"column":6},"end":{"line":133,"column":59}},"66":{"start":{"line":136,"column":0},"end":{"line":136,"column":62}},"67":{"start":{"line":137,"column":0},"end":{"line":137,"column":34}},"68":{"start":{"line":138,"column":22},"end":{"line":138,"column":61}},"69":{"start":{"line":139,"column":33},"end":{"line":139,"column":86}},"70":{"start":{"line":140,"column":37},"end":{"line":204,"column":4}},"71":{"start":{"line":145,"column":4},"end":{"line":149,"column":5}},"72":{"start":{"line":146,"column":6},"end":{"line":148,"column":8}},"73":{"start":{"line":150,"column":4},"end":{"line":150,"column":39}},"74":{"start":{"line":152,"column":2},"end":{"line":176,"column":4}},"75":{"start":{"line":153,"column":4},"end":{"line":175,"column":7}},"76":{"start":{"line":155,"column":6},"end":{"line":174,"column":9}},"77":{"start":{"line":156,"column":8},"end":{"line":173,"column":9}},"78":{"start":{"line":158,"column":12},"end":{"line":158,"column":39}},"79":{"start":{"line":159,"column":12},"end":{"line":159,"column":25}},"80":{"start":{"line":161,"column":12},"end":{"line":161,"column":36}},"81":{"start":{"line":162,"column":12},"end":{"line":162,"column":75}},"82":{"start":{"line":164,"column":12},"end":{"line":164,"column":28}},"83":{"start":{"line":165,"column":12},"end":{"line":165,"column":53}},"84":{"start":{"line":166,"column":12},"end":{"line":166,"column":36}},"85":{"start":{"line":168,"column":12},"end":{"line":168,"column":32}},"86":{"start":{"line":169,"column":12},"end":{"line":169,"column":53}},"87":{"start":{"line":170,"column":12},"end":{"line":170,"column":36}},"88":{"start":{"line":172,"column":12},"end":{"line":172,"column":34}},"89":{"start":{"line":177,"column":2},"end":{"line":202,"column":4}},"90":{"start":{"line":178,"column":4},"end":{"line":201,"column":7}},"91":{"start":{"line":180,"column":6},"end":{"line":200,"column":9}},"92":{"start":{"line":181,"column":8},"end":{"line":199,"column":9}},"93":{"start":{"line":183,"column":12},"end":{"line":183,"column":45}},"94":{"start":{"line":184,"column":12},"end":{"line":184,"column":25}},"95":{"start":{"line":186,"column":12},"end":{"line":186,"column":36}},"96":{"start":{"line":187,"column":12},"end":{"line":187,"column":74}},"97":{"start":{"line":189,"column":12},"end":{"line":189,"column":31}},"98":{"start":{"line":190,"column":12},"end":{"line":190,"column":68}},"99":{"start":{"line":190,"column":25},"end":{"line":190,"column":68}},"100":{"start":{"line":191,"column":12},"end":{"line":191,"column":68}},"101":{"start":{"line":192,"column":12},"end":{"line":192,"column":36}},"102":{"start":{"line":194,"column":12},"end":{"line":194,"column":32}},"103":{"start":{"line":195,"column":12},"end":{"line":195,"column":53}},"104":{"start":{"line":196,"column":12},"end":{"line":196,"column":36}},"105":{"start":{"line":198,"column":12},"end":{"line":198,"column":34}},"106":{"start":{"line":203,"column":2},"end":{"line":203,"column":26}},"107":{"start":{"line":205,"column":0},"end":{"line":205,"column":44}}},"fnMap":{"0":{"name":"(anonymous_0)","decl":{"start":{"line":5,"column":2},"end":{"line":5,"column":3}},"loc":{"start":{"line":5,"column":47},"end":{"line":35,"column":3}},"line":5},"1":{"name":"adopt","decl":{"start":{"line":6,"column":13},"end":{"line":6,"column":18}},"loc":{"start":{"line":6,"column":26},"end":{"line":12,"column":5}},"line":6},"2":{"name":"(anonymous_2)","decl":{"start":{"line":9,"column":16},"end":{"line":9,"column":17}},"loc":{"start":{"line":9,"column":35},"end":{"line":11,"column":11}},"line":9},"3":{"name":"(anonymous_3)","decl":{"start":{"line":13,"column":36},"end":{"line":13,"column":37}},"loc":{"start":{"line":13,"column":63},"end":{"line":34,"column":5}},"line":13},"4":{"name":"fulfilled","decl":{"start":{"line":14,"column":15},"end":{"line":14,"column":24}},"loc":{"start":{"line":14,"column":32},"end":{"line":20,"column":7}},"line":14},"5":{"name":"rejected","decl":{"start":{"line":21,"column":15},"end":{"line":21,"column":23}},"loc":{"start":{"line":21,"column":31},"end":{"line":27,"column":7}},"line":21},"6":{"name":"step","decl":{"start":{"line":28,"column":15},"end":{"line":28,"column":19}},"loc":{"start":{"line":28,"column":28},"end":{"line":32,"column":7}},"line":28},"7":{"name":"(anonymous_7)","decl":{"start":{"line":38,"column":2},"end":{"line":38,"column":3}},"loc":{"start":{"line":38,"column":27},"end":{"line":135,"column":3}},"line":38},"8":{"name":"(anonymous_8)","decl":{"start":{"line":41,"column":14},"end":{"line":41,"column":15}},"loc":{"start":{"line":41,"column":26},"end":{"line":44,"column":9}},"line":41},"9":{"name":"(anonymous_9)","decl":{"start":{"line":55,"column":30},"end":{"line":55,"column":31}},"loc":{"start":{"line":55,"column":42},"end":{"line":57,"column":9}},"line":55},"10":{"name":"verb","decl":{"start":{"line":60,"column":13},"end":{"line":60,"column":17}},"loc":{"start":{"line":60,"column":21},"end":{"line":64,"column":5}},"line":60},"11":{"name":"(anonymous_11)","decl":{"start":{"line":61,"column":13},"end":{"line":61,"column":14}},"loc":{"start":{"line":61,"column":26},"end":{"line":63,"column":7}},"line":61},"12":{"name":"step","decl":{"start":{"line":65,"column":13},"end":{"line":65,"column":17}},"loc":{"start":{"line":65,"column":22},"end":{"line":134,"column":5}},"line":65},"13":{"name":"(anonymous_13)","decl":{"start":{"line":140,"column":38},"end":{"line":140,"column":39}},"loc":{"start":{"line":140,"column":50},"end":{"line":204,"column":1}},"line":140},"14":{"name":"SecretController","decl":{"start":{"line":141,"column":11},"end":{"line":141,"column":27}},"loc":{"start":{"line":144,"column":4},"end":{"line":151,"column":3}},"line":144},"15":{"name":"(anonymous_15)","decl":{"start":{"line":152,"column":44},"end":{"line":152,"column":45}},"loc":{"start":{"line":152,"column":64},"end":{"line":176,"column":3}},"line":152},"16":{"name":"(anonymous_16)","decl":{"start":{"line":153,"column":43},"end":{"line":153,"column":44}},"loc":{"start":{"line":153,"column":55},"end":{"line":175,"column":5}},"line":153},"17":{"name":"(anonymous_17)","decl":{"start":{"line":155,"column":31},"end":{"line":155,"column":32}},"loc":{"start":{"line":155,"column":45},"end":{"line":174,"column":7}},"line":155},"18":{"name":"(anonymous_18)","decl":{"start":{"line":177,"column":41},"end":{"line":177,"column":42}},"loc":{"start":{"line":177,"column":61},"end":{"line":202,"column":3}},"line":177},"19":{"name":"(anonymous_19)","decl":{"start":{"line":178,"column":43},"end":{"line":178,"column":44}},"loc":{"start":{"line":178,"column":55},"end":{"line":201,"column":5}},"line":178},"20":{"name":"(anonymous_20)","decl":{"start":{"line":180,"column":31},"end":{"line":180,"column":32}},"loc":{"start":{"line":180,"column":45},"end":{"line":200,"column":7}},"line":180}},"branchMap":{"0":{"loc":{"start":{"line":4,"column":2},"end":{"line":35,"column":3}},"type":"binary-expr","locations":[{"start":{"line":4,"column":3},"end":{"line":4,"column":7}},{"start":{"line":4,"column":11},"end":{"line":4,"column":25}},{"start":{"line":5,"column":2},"end":{"line":35,"column":3}}],"line":4},"1":{"loc":{"start":{"line":7,"column":13},"end":{"line":11,"column":12}},"type":"cond-expr","locations":[{"start":{"line":8,"column":10},"end":{"line":8,"column":15}},{"start":{"line":9,"column":10},"end":{"line":11,"column":12}}],"line":7},"2":{"loc":{"start":{"line":13,"column":16},"end":{"line":13,"column":34}},"type":"binary-expr","locations":[{"start":{"line":13,"column":16},"end":{"line":13,"column":17}},{"start":{"line":13,"column":22},"end":{"line":13,"column":33}}],"line":13},"3":{"loc":{"start":{"line":29,"column":8},"end":{"line":31,"column":57}},"type":"cond-expr","locations":[{"start":{"line":30,"column":12},"end":{"line":30,"column":33}},{"start":{"line":31,"column":12},"end":{"line":31,"column":57}}],"line":29},"4":{"loc":{"start":{"line":33,"column":49},"end":{"line":33,"column":65}},"type":"binary-expr","locations":[{"start":{"line":33,"column":49},"end":{"line":33,"column":59}},{"start":{"line":33,"column":63},"end":{"line":33,"column":65}}],"line":33},"5":{"loc":{"start":{"line":37,"column":2},"end":{"line":135,"column":3}},"type":"binary-expr","locations":[{"start":{"line":37,"column":3},"end":{"line":37,"column":7}},{"start":{"line":37,"column":11},"end":{"line":37,"column":27}},{"start":{"line":38,"column":2},"end":{"line":135,"column":3}}],"line":37},"6":{"loc":{"start":{"line":42,"column":10},"end":{"line":42,"column":35}},"type":"if","locations":[{"start":{"line":42,"column":10},"end":{"line":42,"column":35}},{"start":{},"end":{}}],"line":42},"7":{"loc":{"start":{"line":54,"column":6},"end":{"line":57,"column":10}},"type":"binary-expr","locations":[{"start":{"line":54,"column":6},"end":{"line":54,"column":34}},{"start":{"line":55,"column":9},"end":{"line":57,"column":9}}],"line":54},"8":{"loc":{"start":{"line":66,"column":6},"end":{"line":66,"column":68}},"type":"if","locations":[{"start":{"line":66,"column":6},"end":{"line":66,"column":68}},{"start":{},"end":{}}],"line":66},"9":{"loc":{"start":{"line":67,"column":14},"end":{"line":67,"column":46}},"type":"binary-expr","locations":[{"start":{"line":67,"column":14},"end":{"line":67,"column":15}},{"start":{"line":67,"column":20},"end":{"line":67,"column":45}}],"line":67},"10":{"loc":{"start":{"line":67,"column":29},"end":{"line":67,"column":45}},"type":"binary-expr","locations":[{"start":{"line":67,"column":29},"end":{"line":67,"column":34}},{"start":{"line":67,"column":39},"end":{"line":67,"column":44}}],"line":67},"11":{"loc":{"start":{"line":69,"column":10},"end":{"line":80,"column":21}},"type":"if","locations":[{"start":{"line":69,"column":10},"end":{"line":80,"column":21}},{"start":{},"end":{}}],"line":69},"12":{"loc":{"start":{"line":71,"column":12},"end":{"line":78,"column":42}},"type":"binary-expr","locations":[{"start":{"line":71,"column":12},"end":{"line":71,"column":13}},{"start":{"line":72,"column":15},"end":{"line":77,"column":26}},{"start":{"line":78,"column":14},"end":{"line":78,"column":42}}],"line":71},"13":{"loc":{"start":{"line":73,"column":16},"end":{"line":77,"column":26}},"type":"cond-expr","locations":[{"start":{"line":74,"column":20},"end":{"line":74,"column":31}},{"start":{"line":75,"column":20},"end":{"line":77,"column":26}}],"line":73},"14":{"loc":{"start":{"line":75,"column":20},"end":{"line":77,"column":26}},"type":"cond-expr","locations":[{"start":{"line":76,"column":20},"end":{"line":76,"column":69}},{"start":{"line":77,"column":20},"end":{"line":77,"column":26}}],"line":75},"15":{"loc":{"start":{"line":76,"column":20},"end":{"line":76,"column":69}},"type":"binary-expr","locations":[{"start":{"line":76,"column":20},"end":{"line":76,"column":30}},{"start":{"line":76,"column":35},"end":{"line":76,"column":68}}],"line":76},"16":{"loc":{"start":{"line":76,"column":35},"end":{"line":76,"column":65}},"type":"binary-expr","locations":[{"start":{"line":76,"column":36},"end":{"line":76,"column":51}},{"start":{"line":76,"column":56},"end":{"line":76,"column":65}}],"line":76},"17":{"loc":{"start":{"line":81,"column":10},"end":{"line":81,"column":54}},"type":"if","locations":[{"start":{"line":81,"column":10},"end":{"line":81,"column":54}},{"start":{},"end":{}}],"line":81},"18":{"loc":{"start":{"line":82,"column":10},"end":{"line":124,"column":11}},"type":"switch","locations":[{"start":{"line":83,"column":12},"end":{"line":83,"column":19}},{"start":{"line":84,"column":12},"end":{"line":86,"column":20}},{"start":{"line":87,"column":12},"end":{"line":89,"column":51}},{"start":{"line":90,"column":12},"end":{"line":94,"column":23}},{"start":{"line":95,"column":12},"end":{"line":98,"column":23}},{"start":{"line":99,"column":12},"end":{"line":123,"column":23}}],"line":82},"19":{"loc":{"start":{"line":100,"column":14},"end":{"line":106,"column":15}},"type":"if","locations":[{"start":{"line":100,"column":14},"end":{"line":106,"column":15}},{"start":{},"end":{}}],"line":100},"20":{"loc":{"start":{"line":101,"column":16},"end":{"line":102,"column":44}},"type":"binary-expr","locations":[{"start":{"line":101,"column":16},"end":{"line":101,"column":70}},{"start":{"line":102,"column":17},"end":{"line":102,"column":28}},{"start":{"line":102,"column":32},"end":{"line":102,"column":43}}],"line":101},"21":{"loc":{"start":{"line":101,"column":37},"end":{"line":101,"column":68}},"type":"binary-expr","locations":[{"start":{"line":101,"column":37},"end":{"line":101,"column":49}},{"start":{"line":101,"column":53},"end":{"line":101,"column":68}}],"line":101},"22":{"loc":{"start":{"line":107,"column":14},"end":{"line":110,"column":15}},"type":"if","locations":[{"start":{"line":107,"column":14},"end":{"line":110,"column":15}},{"start":{},"end":{}}],"line":107},"23":{"loc":{"start":{"line":107,"column":18},"end":{"line":107,"column":71}},"type":"binary-expr","locations":[{"start":{"line":107,"column":18},"end":{"line":107,"column":29}},{"start":{"line":107,"column":34},"end":{"line":107,"column":36}},{"start":{"line":107,"column":41},"end":{"line":107,"column":53}},{"start":{"line":107,"column":57},"end":{"line":107,"column":69}}],"line":107},"24":{"loc":{"start":{"line":111,"column":14},"end":{"line":115,"column":15}},"type":"if","locations":[{"start":{"line":111,"column":14},"end":{"line":115,"column":15}},{"start":{},"end":{}}],"line":111},"25":{"loc":{"start":{"line":111,"column":18},"end":{"line":111,"column":47}},"type":"binary-expr","locations":[{"start":{"line":111,"column":18},"end":{"line":111,"column":29}},{"start":{"line":111,"column":33},"end":{"line":111,"column":47}}],"line":111},"26":{"loc":{"start":{"line":116,"column":14},"end":{"line":120,"column":15}},"type":"if","locations":[{"start":{"line":116,"column":14},"end":{"line":120,"column":15}},{"start":{},"end":{}}],"line":116},"27":{"loc":{"start":{"line":116,"column":18},"end":{"line":116,"column":37}},"type":"binary-expr","locations":[{"start":{"line":116,"column":18},"end":{"line":116,"column":19}},{"start":{"line":116,"column":23},"end":{"line":116,"column":37}}],"line":116},"28":{"loc":{"start":{"line":121,"column":14},"end":{"line":121,"column":36}},"type":"if","locations":[{"start":{"line":121,"column":14},"end":{"line":121,"column":36}},{"start":{},"end":{}}],"line":121},"29":{"loc":{"start":{"line":132,"column":6},"end":{"line":132,"column":33}},"type":"if","locations":[{"start":{"line":132,"column":6},"end":{"line":132,"column":33}},{"start":{},"end":{}}],"line":132},"30":{"loc":{"start":{"line":133,"column":22},"end":{"line":133,"column":44}},"type":"cond-expr","locations":[{"start":{"line":133,"column":30},"end":{"line":133,"column":35}},{"start":{"line":133,"column":38},"end":{"line":133,"column":44}}],"line":133},"31":{"loc":{"start":{"line":145,"column":4},"end":{"line":149,"column":5}},"type":"if","locations":[{"start":{"line":145,"column":4},"end":{"line":149,"column":5}},{"start":{},"end":{}}],"line":145},"32":{"loc":{"start":{"line":156,"column":8},"end":{"line":173,"column":9}},"type":"switch","locations":[{"start":{"line":157,"column":10},"end":{"line":159,"column":25}},{"start":{"line":160,"column":10},"end":{"line":162,"column":75}},{"start":{"line":163,"column":10},"end":{"line":166,"column":36}},{"start":{"line":167,"column":10},"end":{"line":170,"column":36}},{"start":{"line":171,"column":10},"end":{"line":172,"column":34}}],"line":156},"33":{"loc":{"start":{"line":181,"column":8},"end":{"line":199,"column":9}},"type":"switch","locations":[{"start":{"line":182,"column":10},"end":{"line":184,"column":25}},{"start":{"line":185,"column":10},"end":{"line":187,"column":74}},{"start":{"line":188,"column":10},"end":{"line":192,"column":36}},{"start":{"line":193,"column":10},"end":{"line":196,"column":36}},{"start":{"line":197,"column":10},"end":{"line":198,"column":34}}],"line":181},"34":{"loc":{"start":{"line":190,"column":12},"end":{"line":190,"column":68}},"type":"if","locations":[{"start":{"line":190,"column":12},"end":{"line":190,"column":68}},{"start":{},"end":{}}],"line":190}},"s":{"0":1,"1":1,"2":0,"3":1,"4":1,"5":1,"6":0,"7":0,"8":0,"9":0,"10":2,"11":1,"12":1,"13":1,"14":1,"15":0,"16":1,"17":1,"18":0,"19":3,"20":2,"21":2,"22":0,"23":2,"24":6,"25":6,"26":0,"27":6,"28":0,"29":6,"30":2,"31":2,"32":1,"33":1,"34":0,"35":0,"36":0,"37":0,"38":0,"39":0,"40":0,"41":3,"42":1,"43":1,"44":2,"45":0,"46":0,"47":2,"48":0,"49":0,"50":0,"51":2,"52":1,"53":1,"54":1,"55":1,"56":1,"57":1,"58":1,"59":3,"60":0,"61":0,"62":6,"63":1,"64":0,"65":1,"66":1,"67":1,"68":1,"69":1,"70":1,"71":1,"72":1,"73":1,"74":1,"75":1,"76":1,"77":3,"78":1,"79":1,"80":1,"81":1,"82":1,"83":1,"84":1,"85":0,"86":0,"87":0,"88":1,"89":1,"90":0,"91":0,"92":0,"93":0,"94":0,"95":0,"96":0,"97":0,"98":0,"99":0,"100":0,"101":0,"102":0,"103":0,"104":0,"105":0,"106":1,"107":1},"f":{"0":1,"1":1,"2":0,"3":1,"4":1,"5":0,"6":2,"7":1,"8":1,"9":0,"10":3,"11":2,"12":2,"13":1,"14":1,"15":1,"16":1,"17":3,"18":0,"19":0,"20":0},"b":{"0":[1,1,1],"1":[1,0],"2":[1,1],"3":[1,1],"4":[1,1],"5":[1,1,1],"6":[0,1],"7":[1,1],"8":[0,2],"9":[7,1],"10":[1,0],"11":[0,6],"12":[6,0,0],"13":[0,0],"14":[0,0],"15":[0,0],"16":[0,0],"17":[0,6],"18":[2,2,1,0,0,3],"19":[1,2],"20":[3,1,1],"21":[3,2],"22":[0,2],"23":[2,1,1,1],"24":[0,2],"25":[2,0],"26":[1,1],"27":[2,2],"28":[1,0],"29":[0,1],"30":[1,0],"31":[1,0],"32":[1,1,1,0,1],"33":[0,0,0,0,0],"34":[0,0]},"inputSourceMap":null,"_coverageSchema":"1a1c01bbd47fc00a2c39e90264f33305004495a9","hash":"08e26d7b7b7e68ad082d7ea8981f5a7d5a3bf174"}
,"C:\\Users\\anita\\OneDrive\\Documentos\\JalaSoft\\Proyecto\\one_time_secret\\src\\application\\SecretService.ts": {"path":"C:\\Users\\anita\\OneDrive\\Documentos\\JalaSoft\\Proyecto\\one_time_secret\\src\\application\\SecretService.ts","statementMap":{"0":{"start":{"line":1,"column":0},"end":{"line":1,"column":53}},"1":{"start":{"line":5,"column":31},"end":{"line":5,"column":65}},"2":{"start":{"line":8,"column":19},"end":{"line":8,"column":38}},"3":{"start":{"line":9,"column":16},"end":{"line":9,"column":63}},"4":{"start":{"line":10,"column":4},"end":{"line":10,"column":15}},"5":{"start":{"line":14,"column":19},"end":{"line":14,"column":66}},"6":{"start":{"line":15,"column":4},"end":{"line":15,"column":18}},"7":{"start":{"line":4,"column":0},"end":{"line":4,"column":13}}},"fnMap":{"0":{"name":"(anonymous_7)","decl":{"start":{"line":5,"column":2},"end":{"line":5,"column":31}},"loc":{"start":{"line":5,"column":65},"end":{"line":5,"column":69}}},"1":{"name":"(anonymous_8)","decl":{"start":{"line":7,"column":8},"end":{"line":7,"column":20}},"loc":{"start":{"line":7,"column":36},"end":{"line":11,"column":null}}},"2":{"name":"(anonymous_10)","decl":{"start":{"line":13,"column":8},"end":{"line":13,"column":17}},"loc":{"start":{"line":13,"column":29},"end":{"line":16,"column":null}}}},"branchMap":{},"s":{"0":1,"1":1,"2":1,"3":1,"4":1,"5":0,"6":0,"7":1},"f":{"0":1,"1":1,"2":0},"b":{}}
,"C:\\Users\\anita\\OneDrive\\Documentos\\JalaSoft\\Proyecto\\one_time_secret\\src\\domain\\model\\SecretModel.ts": {"path":"C:\\Users\\anita\\OneDrive\\Documentos\\JalaSoft\\Proyecto\\one_time_secret\\src\\domain\\model\\SecretModel.ts","statementMap":{"0":{"start":{"line":2,"column":30},"end":{"line":2,"column":45}},"1":{"start":{"line":1,"column":0},"end":{"line":1,"column":13}}},"fnMap":{"0":{"name":"(anonymous_0)","decl":{"start":{"line":2,"column":2},"end":{"line":2,"column":30}},"loc":{"start":{"line":2,"column":45},"end":{"line":2,"column":49}}}},"branchMap":{},"s":{"0":1,"1":1},"f":{"0":1},"b":{}}
,"C:\\Users\\anita\\OneDrive\\Documentos\\JalaSoft\\Proyecto\\one_time_secret\\src\\infrastructure\\InMemorySecretRepository.ts": {"path":"C:\\Users\\anita\\OneDrive\\Documentos\\JalaSoft\\Proyecto\\one_time_secret\\src\\infrastructure\\InMemorySecretRepository.ts","statementMap":{"0":{"start":{"line":3,"column":0},"end":{"line":3,"column":33}},"1":{"start":{"line":4,"column":0},"end":{"line":4,"column":42}},"2":{"start":{"line":5,"column":47},"end":{"line":5,"column":49}},"3":{"start":{"line":9,"column":18},"end":{"line":9,"column":48}},"4":{"start":{"line":10,"column":30},"end":{"line":10,"column":73}},"5":{"start":{"line":11,"column":4},"end":{"line":11,"column":21}},"6":{"start":{"line":15,"column":22},"end":{"line":15,"column":67}},"7":{"start":{"line":16,"column":4},"end":{"line":16,"column":52}},"8":{"start":{"line":17,"column":4},"end":{"line":17,"column":21}},"9":{"start":{"line":21,"column":23},"end":{"line":21,"column":39}},"10":{"start":{"line":22,"column":4},"end":{"line":22,"column":38}},"11":{"start":{"line":22,"column":21},"end":{"line":22,"column":38}},"12":{"start":{"line":23,"column":4},"end":{"line":23,"column":44}},"13":{"start":{"line":7,"column":0},"end":{"line":7,"column":13}}},"fnMap":{"0":{"name":"(anonymous_13)","decl":{"start":{"line":8,"column":8},"end":{"line":8,"column":25}},"loc":{"start":{"line":8,"column":36},"end":{"line":12,"column":null}}},"1":{"name":"(anonymous_15)","decl":{"start":{"line":14,"column":8},"end":{"line":14,"column":19}},"loc":{"start":{"line":14,"column":34},"end":{"line":18,"column":null}}},"2":{"name":"(anonymous_17)","decl":{"start":{"line":20,"column":8},"end":{"line":20,"column":22}},"loc":{"start":{"line":20,"column":34},"end":{"line":24,"column":null}}}},"branchMap":{"0":{"loc":{"start":{"line":22,"column":4},"end":{"line":22,"column":38}},"type":"if","locations":[{"start":{"line":22,"column":4},"end":{"line":22,"column":38}}]}},"s":{"0":2,"1":2,"2":2,"3":2,"4":2,"5":2,"6":1,"7":1,"8":1,"9":0,"10":0,"11":0,"12":0,"13":2},"f":{"0":2,"1":1,"2":0},"b":{"0":[0]}}
,"C:\\Users\\anita\\OneDrive\\Documentos\\JalaSoft\\Proyecto\\one_time_secret\\src\\presentation\\SecretController.ts": {"path":"C:\\Users\\anita\\OneDrive\\Documentos\\JalaSoft\\Proyecto\\one_time_secret\\src\\presentation\\SecretController.ts","statementMap":{"0":{"start":{"line":2,"column":0},"end":{"line":2,"column":61}},"1":{"start":{"line":3,"column":0},"end":{"line":3,"column":86}},"2":{"start":{"line":8,"column":21},"end":{"line":8,"column":52}},"3":{"start":{"line":14,"column":24},"end":{"line":14,"column":32}},"4":{"start":{"line":15,"column":4},"end":{"line":20,"column":5}},"5":{"start":{"line":16,"column":18},"end":{"line":16,"column":64}},"6":{"start":{"line":17,"column":6},"end":{"line":17,"column":47}},"7":{"start":{"line":19,"column":6},"end":{"line":19,"column":45}},"8":{"start":{"line":24,"column":26},"end":{"line":24,"column":36}},"9":{"start":{"line":25,"column":4},"end":{"line":31,"column":5}},"10":{"start":{"line":26,"column":21},"end":{"line":26,"column":66}},"11":{"start":{"line":27,"column":6},"end":{"line":27,"column":46}},"12":{"start":{"line":27,"column":19},"end":{"line":27,"column":46}},"13":{"start":{"line":28,"column":6},"end":{"line":28,"column":62}},"14":{"start":{"line":30,"column":6},"end":{"line":30,"column":45}},"15":{"start":{"line":5,"column":0},"end":{"line":5,"column":13}}},"fnMap":{"0":{"name":"(anonymous_7)","decl":{"start":{"line":6,"column":2},"end":{"line":6,"column":null}},"loc":{"start":{"line":10,"column":5},"end":{"line":11,"column":6}}},"1":{"name":"(anonymous_8)","decl":{"start":{"line":13,"column":8},"end":{"line":13,"column":20}},"loc":{"start":{"line":13,"column":64},"end":{"line":21,"column":null}}},"2":{"name":"(anonymous_10)","decl":{"start":{"line":23,"column":8},"end":{"line":23,"column":17}},"loc":{"start":{"line":23,"column":61},"end":{"line":32,"column":null}}}},"branchMap":{"0":{"loc":{"start":{"line":8,"column":21},"end":{"line":9,"column":null}},"type":"default-arg","locations":[{"start":{"line":8,"column":52},"end":{"line":9,"column":null}}]},"1":{"loc":{"start":{"line":27,"column":6},"end":{"line":27,"column":46}},"type":"if","locations":[{"start":{"line":27,"column":6},"end":{"line":27,"column":46}}]}},"s":{"0":1,"1":1,"2":1,"3":1,"4":1,"5":1,"6":1,"7":0,"8":0,"9":0,"10":0,"11":0,"12":0,"13":0,"14":0,"15":1},"f":{"0":1,"1":1,"2":0},"b":{"0":[1],"1":[0]}}
,"C:\\Users\\anita\\OneDrive\\Documentos\\JalaSoft\\Proyecto\\one_time_secret\\src\\presentation\\SecretRoutes.ts": {"path":"C:\\Users\\anita\\OneDrive\\Documentos\\JalaSoft\\Proyecto\\one_time_secret\\src\\presentation\\SecretRoutes.ts","statementMap":{"0":{"start":{"line":1,"column":0},"end":{"line":1,"column":30}},"1":{"start":{"line":2,"column":0},"end":{"line":2,"column":54}},"2":{"start":{"line":3,"column":12},"end":{"line":3,"column":21}},"3":{"start":{"line":5,"column":0},"end":{"line":5,"column":24}},"4":{"start":{"line":7,"column":25},"end":{"line":7,"column":47}},"5":{"start":{"line":9,"column":0},"end":{"line":9,"column":79}},"6":{"start":{"line":10,"column":0},"end":{"line":13,"column":2}},"7":{"start":{"line":15,"column":0},"end":{"line":15,"column":19}}},"fnMap":{},"branchMap":{},"s":{"0":1,"1":1,"2":1,"3":1,"4":1,"5":1,"6":1,"7":1},"f":{},"b":{}}
}
