TN:
SF:dist\app.js
FN:11,(anonymous_0)
FNF:1
FNH:1
FNDA:1,(anonymous_0)
DA:2,1
DA:3,1
DA:4,1
DA:5,1
DA:6,1
DA:7,1
DA:8,1
DA:9,1
DA:10,1
DA:11,1
DA:12,1
DA:14,1
LF:12
LH:12
BRF:0
BRH:0
end_of_record
TN:
SF:dist\src\application\SecretService.js
FN:2,(anonymous_0)
FN:3,adopt
FN:3,(anonymous_2)
FN:4,(anonymous_3)
FN:5,fulfilled
FN:6,rejected
FN:7,step
FN:11,(anonymous_7)
FN:12,(anonymous_8)
FN:13,(anonymous_9)
FN:14,verb
FN:14,(anonymous_11)
FN:15,step
FN:41,(anonymous_13)
FN:42,SecretService
FN:45,(anonymous_15)
FN:46,(anonymous_16)
FN:48,(anonymous_17)
FN:60,(anonymous_18)
FN:61,(anonymous_19)
FN:63,(anonymous_20)
FNF:21
FNH:15
FNDA:1,(anonymous_0)
FNDA:1,adopt
FNDA:0,(anonymous_2)
FNDA:1,(anonymous_3)
FNDA:1,fulfilled
FNDA:0,rejected
FNDA:2,step
FNDA:1,(anonymous_7)
FNDA:1,(anonymous_8)
FNDA:0,(anonymous_9)
FNDA:3,verb
FNDA:2,(anonymous_11)
FNDA:2,step
FNDA:1,(anonymous_13)
FNDA:1,SecretService
FNDA:1,(anonymous_15)
FNDA:1,(anonymous_16)
FNDA:2,(anonymous_17)
FNDA:0,(anonymous_18)
FNDA:0,(anonymous_19)
FNDA:0,(anonymous_20)
DA:2,1
DA:3,1
DA:4,1
DA:5,1
DA:6,0
DA:7,2
DA:8,1
DA:11,1
DA:12,1
DA:13,1
DA:14,3
DA:16,2
DA:17,4
DA:18,4
DA:19,4
DA:20,4
DA:21,2
DA:22,1
DA:23,0
DA:24,0
DA:26,1
DA:27,0
DA:28,0
DA:29,0
DA:30,0
DA:31,0
DA:33,2
DA:34,4
DA:35,1
DA:38,1
DA:39,1
DA:40,1
DA:41,1
DA:43,1
DA:45,1
DA:46,1
DA:48,1
DA:49,2
DA:51,1
DA:52,1
DA:54,1
DA:55,1
DA:60,1
DA:61,0
DA:63,0
DA:64,0
DA:65,0
DA:67,0
DA:68,0
DA:73,1
DA:75,1
LF:51
LH:37
BRDA:2,0,0,1
BRDA:2,0,1,1
BRDA:2,0,2,1
BRDA:3,1,0,1
BRDA:3,1,1,0
BRDA:4,2,0,1
BRDA:4,2,1,1
BRDA:7,3,0,1
BRDA:7,3,1,1
BRDA:8,4,0,1
BRDA:8,4,1,1
BRDA:11,5,0,1
BRDA:11,5,1,1
BRDA:11,5,2,1
BRDA:12,6,0,0
BRDA:12,6,1,1
BRDA:13,7,0,1
BRDA:13,7,1,1
BRDA:16,8,0,0
BRDA:16,8,1,2
BRDA:17,9,0,5
BRDA:17,9,1,1
BRDA:17,10,0,1
BRDA:17,10,1,0
BRDA:18,11,0,0
BRDA:18,11,1,4
BRDA:18,12,0,4
BRDA:18,12,1,0
BRDA:18,12,2,0
BRDA:18,13,0,0
BRDA:18,13,1,0
BRDA:18,14,0,0
BRDA:18,14,1,0
BRDA:18,15,0,0
BRDA:18,15,1,0
BRDA:18,16,0,0
BRDA:18,16,1,0
BRDA:19,17,0,0
BRDA:19,17,1,4
BRDA:20,18,0,2
BRDA:20,18,1,2
BRDA:20,18,2,1
BRDA:20,18,3,0
BRDA:20,18,4,0
BRDA:20,18,5,1
BRDA:26,19,0,1
BRDA:26,19,1,0
BRDA:26,20,0,1
BRDA:26,20,1,1
BRDA:26,20,2,1
BRDA:26,21,0,1
BRDA:26,21,1,0
BRDA:27,22,0,0
BRDA:27,22,1,0
BRDA:27,23,0,0
BRDA:27,23,1,0
BRDA:27,23,2,0
BRDA:27,23,3,0
BRDA:28,24,0,0
BRDA:28,24,1,0
BRDA:28,25,0,0
BRDA:28,25,1,0
BRDA:29,26,0,0
BRDA:29,26,1,0
BRDA:29,27,0,0
BRDA:29,27,1,0
BRDA:30,28,0,0
BRDA:30,28,1,0
BRDA:35,29,0,0
BRDA:35,29,1,1
BRDA:35,30,0,1
BRDA:35,30,1,0
BRDA:49,31,0,1
BRDA:49,31,1,1
BRDA:64,32,0,0
BRDA:64,32,1,0
BRF:76
BRH:36
end_of_record
TN:
SF:dist\src\domain\model\SecretModel.js
FN:4,(anonymous_0)
FN:5,Secret
FNF:2
FNH:2
FNDA:1,(anonymous_0)
FNDA:1,Secret
DA:2,1
DA:3,1
DA:4,1
DA:6,1
DA:8,1
DA:10,1
LF:6
LH:6
BRF:0
BRH:0
end_of_record
TN:
SF:dist\src\infrastructure\InMemorySecretRepository.js
FN:5,(anonymous_0)
FN:6,adopt
FN:9,(anonymous_2)
FN:13,(anonymous_3)
FN:14,fulfilled
FN:21,rejected
FN:28,step
FN:38,(anonymous_7)
FN:41,(anonymous_8)
FN:55,(anonymous_9)
FN:60,verb
FN:61,(anonymous_11)
FN:65,step
FN:141,(anonymous_13)
FN:142,InMemorySecretRepository
FN:143,(anonymous_15)
FN:144,(anonymous_16)
FN:146,(anonymous_17)
FN:154,(anonymous_18)
FN:155,(anonymous_19)
FN:157,(anonymous_20)
FNF:21
FNH:12
FNDA:1,(anonymous_0)
FNDA:0,adopt
FNDA:0,(anonymous_2)
FNDA:1,(anonymous_3)
FNDA:0,fulfilled
FNDA:0,rejected
FNDA:1,step
FNDA:1,(anonymous_7)
FNDA:0,(anonymous_8)
FNDA:0,(anonymous_9)
FNDA:3,verb
FNDA:1,(anonymous_11)
FNDA:1,step
FNDA:1,(anonymous_13)
FNDA:1,InMemorySecretRepository
FNDA:1,(anonymous_15)
FNDA:1,(anonymous_16)
FNDA:1,(anonymous_17)
FNDA:0,(anonymous_18)
FNDA:0,(anonymous_19)
FNDA:0,(anonymous_20)
DA:4,1
DA:7,0
DA:10,0
DA:13,1
DA:15,0
DA:16,0
DA:18,0
DA:22,0
DA:23,0
DA:25,0
DA:29,1
DA:33,1
DA:37,1
DA:39,1
DA:42,0
DA:43,0
DA:52,1
DA:56,0
DA:61,3
DA:62,1
DA:66,1
DA:67,1
DA:68,2
DA:69,2
DA:80,0
DA:81,2
DA:82,2
DA:85,1
DA:86,1
DA:88,0
DA:89,0
DA:91,0
DA:92,0
DA:93,0
DA:94,0
DA:96,0
DA:97,0
DA:98,0
DA:100,1
DA:104,1
DA:105,1
DA:107,0
DA:108,0
DA:109,0
DA:111,0
DA:112,0
DA:113,0
DA:114,0
DA:116,0
DA:117,0
DA:118,0
DA:119,0
DA:121,0
DA:122,0
DA:123,0
DA:125,1
DA:127,0
DA:128,0
DA:130,2
DA:132,1
DA:133,1
DA:136,1
DA:137,1
DA:138,1
DA:139,1
DA:140,1
DA:141,1
DA:143,1
DA:144,1
DA:146,1
DA:147,1
DA:148,1
DA:149,1
DA:150,1
DA:154,1
DA:155,0
DA:157,0
DA:158,0
DA:159,0
DA:160,0
DA:164,1
DA:166,1
LF:82
LH:40
BRDA:4,0,0,1
BRDA:4,0,1,1
BRDA:4,0,2,1
BRDA:7,1,0,0
BRDA:7,1,1,0
BRDA:13,2,0,1
BRDA:13,2,1,1
BRDA:29,3,0,1
BRDA:29,3,1,0
BRDA:33,4,0,1
BRDA:33,4,1,1
BRDA:37,5,0,1
BRDA:37,5,1,1
BRDA:37,5,2,1
BRDA:42,6,0,0
BRDA:42,6,1,0
BRDA:54,7,0,1
BRDA:54,7,1,1
BRDA:66,8,0,0
BRDA:66,8,1,1
BRDA:67,9,0,3
BRDA:67,9,1,1
BRDA:67,10,0,1
BRDA:67,10,1,0
BRDA:69,11,0,0
BRDA:69,11,1,2
BRDA:71,12,0,2
BRDA:71,12,1,0
BRDA:71,12,2,0
BRDA:73,13,0,0
BRDA:73,13,1,0
BRDA:75,14,0,0
BRDA:75,14,1,0
BRDA:76,15,0,0
BRDA:76,15,1,0
BRDA:76,16,0,0
BRDA:76,16,1,0
BRDA:81,17,0,0
BRDA:81,17,1,2
BRDA:82,18,0,1
BRDA:82,18,1,1
BRDA:82,18,2,0
BRDA:82,18,3,0
BRDA:82,18,4,0
BRDA:82,18,5,1
BRDA:100,19,0,1
BRDA:100,19,1,0
BRDA:101,20,0,1
BRDA:101,20,1,1
BRDA:101,20,2,1
BRDA:101,21,0,1
BRDA:101,21,1,0
BRDA:107,22,0,0
BRDA:107,22,1,0
BRDA:107,23,0,0
BRDA:107,23,1,0
BRDA:107,23,2,0
BRDA:107,23,3,0
BRDA:111,24,0,0
BRDA:111,24,1,0
BRDA:111,25,0,0
BRDA:111,25,1,0
BRDA:116,26,0,0
BRDA:116,26,1,0
BRDA:116,27,0,0
BRDA:116,27,1,0
BRDA:121,28,0,0
BRDA:121,28,1,0
BRDA:132,29,0,0
BRDA:132,29,1,1
BRDA:133,30,0,1
BRDA:133,30,1,0
BRDA:159,31,0,0
BRDA:159,31,1,0
BRF:74
BRH:30
end_of_record
TN:
SF:dist\src\presentation\SecretController.js
FN:5,(anonymous_0)
FN:6,adopt
FN:9,(anonymous_2)
FN:13,(anonymous_3)
FN:14,fulfilled
FN:21,rejected
FN:28,step
FN:38,(anonymous_7)
FN:41,(anonymous_8)
FN:55,(anonymous_9)
FN:60,verb
FN:61,(anonymous_11)
FN:65,step
FN:140,(anonymous_13)
FN:141,SecretController
FN:152,(anonymous_15)
FN:153,(anonymous_16)
FN:155,(anonymous_17)
FN:177,(anonymous_18)
FN:178,(anonymous_19)
FN:180,(anonymous_20)
FNF:21
FNH:15
FNDA:1,(anonymous_0)
FNDA:1,adopt
FNDA:0,(anonymous_2)
FNDA:1,(anonymous_3)
FNDA:1,fulfilled
FNDA:0,rejected
FNDA:2,step
FNDA:1,(anonymous_7)
FNDA:1,(anonymous_8)
FNDA:0,(anonymous_9)
FNDA:3,verb
FNDA:2,(anonymous_11)
FNDA:2,step
FNDA:1,(anonymous_13)
FNDA:1,SecretController
FNDA:1,(anonymous_15)
FNDA:1,(anonymous_16)
FNDA:3,(anonymous_17)
FNDA:0,(anonymous_18)
FNDA:0,(anonymous_19)
FNDA:0,(anonymous_20)
DA:4,1
DA:7,1
DA:10,0
DA:13,1
DA:15,1
DA:16,1
DA:18,0
DA:22,0
DA:23,0
DA:25,0
DA:29,2
DA:33,1
DA:37,1
DA:39,1
DA:42,1
DA:43,1
DA:52,1
DA:56,0
DA:61,3
DA:62,2
DA:66,2
DA:67,2
DA:68,6
DA:69,6
DA:80,0
DA:81,6
DA:82,6
DA:85,2
DA:86,2
DA:88,1
DA:89,1
DA:91,0
DA:92,0
DA:93,0
DA:94,0
DA:96,0
DA:97,0
DA:98,0
DA:100,3
DA:104,1
DA:105,1
DA:107,2
DA:108,0
DA:109,0
DA:111,2
DA:112,0
DA:113,0
DA:114,0
DA:116,2
DA:117,1
DA:118,1
DA:119,1
DA:121,1
DA:122,1
DA:123,1
DA:125,3
DA:127,0
DA:128,0
DA:130,6
DA:132,1
DA:133,1
DA:136,1
DA:137,1
DA:138,1
DA:139,1
DA:140,1
DA:145,1
DA:146,1
DA:150,1
DA:152,1
DA:153,1
DA:155,1
DA:156,3
DA:158,1
DA:159,1
DA:161,1
DA:162,1
DA:164,1
DA:165,1
DA:166,1
DA:168,0
DA:169,0
DA:170,0
DA:172,1
DA:177,1
DA:178,0
DA:180,0
DA:181,0
DA:183,0
DA:184,0
DA:186,0
DA:187,0
DA:189,0
DA:190,0
DA:191,0
DA:192,0
DA:194,0
DA:195,0
DA:196,0
DA:198,0
DA:203,1
DA:205,1
LF:102
LH:63
BRDA:4,0,0,1
BRDA:4,0,1,1
BRDA:4,0,2,1
BRDA:7,1,0,1
BRDA:7,1,1,0
BRDA:13,2,0,1
BRDA:13,2,1,1
BRDA:29,3,0,1
BRDA:29,3,1,1
BRDA:33,4,0,1
BRDA:33,4,1,1
BRDA:37,5,0,1
BRDA:37,5,1,1
BRDA:37,5,2,1
BRDA:42,6,0,0
BRDA:42,6,1,1
BRDA:54,7,0,1
BRDA:54,7,1,1
BRDA:66,8,0,0
BRDA:66,8,1,2
BRDA:67,9,0,7
BRDA:67,9,1,1
BRDA:67,10,0,1
BRDA:67,10,1,0
BRDA:69,11,0,0
BRDA:69,11,1,6
BRDA:71,12,0,6
BRDA:71,12,1,0
BRDA:71,12,2,0
BRDA:73,13,0,0
BRDA:73,13,1,0
BRDA:75,14,0,0
BRDA:75,14,1,0
BRDA:76,15,0,0
BRDA:76,15,1,0
BRDA:76,16,0,0
BRDA:76,16,1,0
BRDA:81,17,0,0
BRDA:81,17,1,6
BRDA:82,18,0,2
BRDA:82,18,1,2
BRDA:82,18,2,1
BRDA:82,18,3,0
BRDA:82,18,4,0
BRDA:82,18,5,3
BRDA:100,19,0,1
BRDA:100,19,1,2
BRDA:101,20,0,3
BRDA:101,20,1,1
BRDA:101,20,2,1
BRDA:101,21,0,3
BRDA:101,21,1,2
BRDA:107,22,0,0
BRDA:107,22,1,2
BRDA:107,23,0,2
BRDA:107,23,1,1
BRDA:107,23,2,1
BRDA:107,23,3,1
BRDA:111,24,0,0
BRDA:111,24,1,2
BRDA:111,25,0,2
BRDA:111,25,1,0
BRDA:116,26,0,1
BRDA:116,26,1,1
BRDA:116,27,0,2
BRDA:116,27,1,2
BRDA:121,28,0,1
BRDA:121,28,1,0
BRDA:132,29,0,0
BRDA:132,29,1,1
BRDA:133,30,0,1
BRDA:133,30,1,0
BRDA:145,31,0,1
BRDA:145,31,1,0
BRDA:156,32,0,1
BRDA:156,32,1,1
BRDA:156,32,2,1
BRDA:156,32,3,0
BRDA:156,32,4,1
BRDA:181,33,0,0
BRDA:181,33,1,0
BRDA:181,33,2,0
BRDA:181,33,3,0
BRDA:181,33,4,0
BRDA:190,34,0,0
BRDA:190,34,1,0
BRF:86
BRH:53
end_of_record
TN:
SF:src\application\SecretService.ts
FN:5,(anonymous_7)
FN:7,(anonymous_8)
FN:13,(anonymous_10)
FNF:3
FNH:2
FNDA:1,(anonymous_7)
FNDA:1,(anonymous_8)
FNDA:0,(anonymous_10)
DA:1,1
DA:4,1
DA:5,1
DA:8,1
DA:9,1
DA:10,1
DA:14,0
DA:15,0
LF:8
LH:6
BRF:0
BRH:0
end_of_record
TN:
SF:src\domain\model\SecretModel.ts
FN:2,(anonymous_0)
FNF:1
FNH:1
FNDA:1,(anonymous_0)
DA:1,1
DA:2,1
LF:2
LH:2
BRF:0
BRH:0
end_of_record
TN:
SF:src\infrastructure\InMemorySecretRepository.ts
FN:8,(anonymous_13)
FN:14,(anonymous_15)
FN:20,(anonymous_17)
FNF:3
FNH:2
FNDA:2,(anonymous_13)
FNDA:1,(anonymous_15)
FNDA:0,(anonymous_17)
DA:3,2
DA:4,2
DA:5,2
DA:7,2
DA:9,2
DA:10,2
DA:11,2
DA:15,1
DA:16,1
DA:17,1
DA:21,0
DA:22,0
DA:23,0
LF:13
LH:10
BRDA:22,0,0,0
BRF:1
BRH:0
end_of_record
TN:
SF:src\presentation\SecretController.ts
FN:6,(anonymous_7)
FN:13,(anonymous_8)
FN:23,(anonymous_10)
FNF:3
FNH:2
FNDA:1,(anonymous_7)
FNDA:1,(anonymous_8)
FNDA:0,(anonymous_10)
DA:2,1
DA:3,1
DA:5,1
DA:8,1
DA:14,1
DA:15,1
DA:16,1
DA:17,1
DA:19,0
DA:24,0
DA:25,0
DA:26,0
DA:27,0
DA:28,0
DA:30,0
LF:15
LH:8
BRDA:8,0,0,1
BRDA:27,1,0,0
BRF:2
BRH:1
end_of_record
TN:
SF:src\presentation\SecretRoutes.ts
FNF:0
FNH:0
DA:1,1
DA:2,1
DA:3,1
DA:5,1
DA:7,1
DA:9,1
DA:10,1
DA:15,1
LF:8
LH:8
BRF:0
BRH:0
end_of_record
